{"C:\\Users\\Nataly\\reddit\\reddit-clone\\frontend\\static\\js\\voting.js": {"path":"C:\\Users\\Nataly\\reddit\\reddit-clone\\frontend\\static\\js\\voting.js","statementMap":{"0":{"start":{"line":2,"column":0},"end":{"line":125,"column":3}},"1":{"start":{"line":3,"column":24},"end":{"line":3,"column":62}},"2":{"start":{"line":4,"column":22},"end":{"line":4,"column":81}},"3":{"start":{"line":6,"column":4},"end":{"line":6,"column":40}},"4":{"start":{"line":7,"column":4},"end":{"line":7,"column":59}},"5":{"start":{"line":8,"column":4},"end":{"line":8,"column":66}},"6":{"start":{"line":10,"column":4},"end":{"line":13,"column":5}},"7":{"start":{"line":11,"column":8},"end":{"line":11,"column":61}},"8":{"start":{"line":12,"column":8},"end":{"line":12,"column":15}},"9":{"start":{"line":15,"column":4},"end":{"line":72,"column":7}},"10":{"start":{"line":16,"column":8},"end":{"line":71,"column":11}},"11":{"start":{"line":17,"column":29},"end":{"line":17,"column":50}},"12":{"start":{"line":18,"column":32},"end":{"line":18,"column":62}},"13":{"start":{"line":19,"column":27},"end":{"line":19,"column":74}},"14":{"start":{"line":21,"column":12},"end":{"line":25,"column":15}},"15":{"start":{"line":27,"column":12},"end":{"line":31,"column":13}},"16":{"start":{"line":28,"column":16},"end":{"line":28,"column":81}},"17":{"start":{"line":29,"column":16},"end":{"line":29,"column":72}},"18":{"start":{"line":30,"column":16},"end":{"line":30,"column":23}},"19":{"start":{"line":34,"column":33},"end":{"line":34,"column":47}},"20":{"start":{"line":35,"column":12},"end":{"line":35,"column":35}},"21":{"start":{"line":36,"column":12},"end":{"line":36,"column":33}},"22":{"start":{"line":39,"column":12},"end":{"line":70,"column":15}},"23":{"start":{"line":47,"column":16},"end":{"line":47,"column":65}},"24":{"start":{"line":48,"column":16},"end":{"line":50,"column":17}},"25":{"start":{"line":49,"column":20},"end":{"line":49,"column":78}},"26":{"start":{"line":51,"column":16},"end":{"line":51,"column":39}},"27":{"start":{"line":54,"column":16},"end":{"line":54,"column":57}},"28":{"start":{"line":55,"column":16},"end":{"line":61,"column":17}},"29":{"start":{"line":56,"column":20},"end":{"line":56,"column":53}},"30":{"start":{"line":57,"column":20},"end":{"line":57,"column":55}},"31":{"start":{"line":58,"column":20},"end":{"line":58,"column":64}},"32":{"start":{"line":60,"column":20},"end":{"line":60,"column":71}},"33":{"start":{"line":64,"column":16},"end":{"line":64,"column":53}},"34":{"start":{"line":65,"column":16},"end":{"line":65,"column":96}},"35":{"start":{"line":68,"column":16},"end":{"line":68,"column":46}},"36":{"start":{"line":69,"column":16},"end":{"line":69,"column":38}},"37":{"start":{"line":75,"column":8},"end":{"line":75,"column":79}},"38":{"start":{"line":78,"column":29},"end":{"line":78,"column":66}},"39":{"start":{"line":79,"column":31},"end":{"line":79,"column":71}},"40":{"start":{"line":80,"column":33},"end":{"line":80,"column":75}},"41":{"start":{"line":82,"column":8},"end":{"line":90,"column":9}},"42":{"start":{"line":83,"column":12},"end":{"line":83,"column":50}},"43":{"start":{"line":84,"column":12},"end":{"line":84,"column":66}},"44":{"start":{"line":85,"column":12},"end":{"line":89,"column":13}},"45":{"start":{"line":86,"column":16},"end":{"line":86,"column":55}},"46":{"start":{"line":87,"column":19},"end":{"line":89,"column":13}},"47":{"start":{"line":88,"column":16},"end":{"line":88,"column":55}},"48":{"start":{"line":91,"column":8},"end":{"line":91,"column":70}},"49":{"start":{"line":91,"column":28},"end":{"line":91,"column":70}},"50":{"start":{"line":92,"column":8},"end":{"line":92,"column":76}},"51":{"start":{"line":92,"column":30},"end":{"line":92,"column":76}},"52":{"start":{"line":95,"column":33},"end":{"line":95,"column":80}},"53":{"start":{"line":96,"column":8},"end":{"line":104,"column":9}},"54":{"start":{"line":97,"column":12},"end":{"line":97,"column":54}},"55":{"start":{"line":98,"column":12},"end":{"line":98,"column":70}},"56":{"start":{"line":99,"column":12},"end":{"line":103,"column":13}},"57":{"start":{"line":100,"column":16},"end":{"line":100,"column":59}},"58":{"start":{"line":101,"column":19},"end":{"line":103,"column":13}},"59":{"start":{"line":102,"column":16},"end":{"line":102,"column":59}},"60":{"start":{"line":108,"column":27},"end":{"line":108,"column":65}},"61":{"start":{"line":111,"column":8},"end":{"line":113,"column":11}},"62":{"start":{"line":112,"column":12},"end":{"line":112,"column":43}},"63":{"start":{"line":116,"column":8},"end":{"line":118,"column":9}},"64":{"start":{"line":117,"column":12},"end":{"line":117,"column":50}},"65":{"start":{"line":123,"column":8},"end":{"line":123,"column":51}}},"fnMap":{"0":{"name":"(anonymous_0)","decl":{"start":{"line":2,"column":46},"end":{"line":2,"column":47}},"loc":{"start":{"line":2,"column":57},"end":{"line":125,"column":1}},"line":2},"1":{"name":"(anonymous_1)","decl":{"start":{"line":15,"column":24},"end":{"line":15,"column":25}},"loc":{"start":{"line":15,"column":34},"end":{"line":72,"column":5}},"line":15},"2":{"name":"(anonymous_2)","decl":{"start":{"line":16,"column":41},"end":{"line":16,"column":42}},"loc":{"start":{"line":16,"column":52},"end":{"line":71,"column":9}},"line":16},"3":{"name":"(anonymous_3)","decl":{"start":{"line":46,"column":18},"end":{"line":46,"column":19}},"loc":{"start":{"line":46,"column":30},"end":{"line":52,"column":13}},"line":46},"4":{"name":"(anonymous_4)","decl":{"start":{"line":53,"column":18},"end":{"line":53,"column":19}},"loc":{"start":{"line":53,"column":26},"end":{"line":62,"column":13}},"line":53},"5":{"name":"(anonymous_5)","decl":{"start":{"line":63,"column":19},"end":{"line":63,"column":20}},"loc":{"start":{"line":63,"column":28},"end":{"line":66,"column":13}},"line":63},"6":{"name":"(anonymous_6)","decl":{"start":{"line":67,"column":21},"end":{"line":67,"column":22}},"loc":{"start":{"line":67,"column":27},"end":{"line":70,"column":13}},"line":67},"7":{"name":"updateVoteCounters","decl":{"start":{"line":74,"column":13},"end":{"line":74,"column":31}},"loc":{"start":{"line":74,"column":46},"end":{"line":105,"column":5}},"line":74},"8":{"name":"updateButtonStyles","decl":{"start":{"line":107,"column":13},"end":{"line":107,"column":31}},"loc":{"start":{"line":107,"column":57},"end":{"line":119,"column":5}},"line":107},"9":{"name":"(anonymous_9)","decl":{"start":{"line":111,"column":27},"end":{"line":111,"column":28}},"loc":{"start":{"line":111,"column":34},"end":{"line":113,"column":9}},"line":111},"10":{"name":"showNotification","decl":{"start":{"line":121,"column":13},"end":{"line":121,"column":29}},"loc":{"start":{"line":121,"column":54},"end":{"line":124,"column":5}},"line":121}},"branchMap":{"0":{"loc":{"start":{"line":8,"column":31},"end":{"line":8,"column":64}},"type":"cond-expr","locations":[{"start":{"line":8,"column":43},"end":{"line":8,"column":52}},{"start":{"line":8,"column":55},"end":{"line":8,"column":64}}],"line":8},"1":{"loc":{"start":{"line":10,"column":4},"end":{"line":13,"column":5}},"type":"if","locations":[{"start":{"line":10,"column":4},"end":{"line":13,"column":5}},{"start":{},"end":{}}],"line":10},"2":{"loc":{"start":{"line":10,"column":8},"end":{"line":10,"column":41}},"type":"binary-expr","locations":[{"start":{"line":10,"column":8},"end":{"line":10,"column":27}},{"start":{"line":10,"column":31},"end":{"line":10,"column":41}}],"line":10},"3":{"loc":{"start":{"line":19,"column":27},"end":{"line":19,"column":74}},"type":"cond-expr","locations":[{"start":{"line":19,"column":41},"end":{"line":19,"column":67}},{"start":{"line":19,"column":70},"end":{"line":19,"column":74}}],"line":19},"4":{"loc":{"start":{"line":27,"column":12},"end":{"line":31,"column":13}},"type":"if","locations":[{"start":{"line":27,"column":12},"end":{"line":31,"column":13}},{"start":{},"end":{}}],"line":27},"5":{"loc":{"start":{"line":48,"column":16},"end":{"line":50,"column":17}},"type":"if","locations":[{"start":{"line":48,"column":16},"end":{"line":50,"column":17}},{"start":{},"end":{}}],"line":48},"6":{"loc":{"start":{"line":55,"column":16},"end":{"line":61,"column":17}},"type":"if","locations":[{"start":{"line":55,"column":16},"end":{"line":61,"column":17}},{"start":{"line":59,"column":23},"end":{"line":61,"column":17}}],"line":55},"7":{"loc":{"start":{"line":82,"column":8},"end":{"line":90,"column":9}},"type":"if","locations":[{"start":{"line":82,"column":8},"end":{"line":90,"column":9}},{"start":{},"end":{}}],"line":82},"8":{"loc":{"start":{"line":85,"column":12},"end":{"line":89,"column":13}},"type":"if","locations":[{"start":{"line":85,"column":12},"end":{"line":89,"column":13}},{"start":{"line":87,"column":19},"end":{"line":89,"column":13}}],"line":85},"9":{"loc":{"start":{"line":87,"column":19},"end":{"line":89,"column":13}},"type":"if","locations":[{"start":{"line":87,"column":19},"end":{"line":89,"column":13}},{"start":{},"end":{}}],"line":87},"10":{"loc":{"start":{"line":91,"column":8},"end":{"line":91,"column":70}},"type":"if","locations":[{"start":{"line":91,"column":8},"end":{"line":91,"column":70}},{"start":{},"end":{}}],"line":91},"11":{"loc":{"start":{"line":92,"column":8},"end":{"line":92,"column":76}},"type":"if","locations":[{"start":{"line":92,"column":8},"end":{"line":92,"column":76}},{"start":{},"end":{}}],"line":92},"12":{"loc":{"start":{"line":96,"column":8},"end":{"line":104,"column":9}},"type":"if","locations":[{"start":{"line":96,"column":8},"end":{"line":104,"column":9}},{"start":{},"end":{}}],"line":96},"13":{"loc":{"start":{"line":99,"column":12},"end":{"line":103,"column":13}},"type":"if","locations":[{"start":{"line":99,"column":12},"end":{"line":103,"column":13}},{"start":{"line":101,"column":19},"end":{"line":103,"column":13}}],"line":99},"14":{"loc":{"start":{"line":101,"column":19},"end":{"line":103,"column":13}},"type":"if","locations":[{"start":{"line":101,"column":19},"end":{"line":103,"column":13}},{"start":{},"end":{}}],"line":101},"15":{"loc":{"start":{"line":116,"column":8},"end":{"line":118,"column":9}},"type":"if","locations":[{"start":{"line":116,"column":8},"end":{"line":118,"column":9}},{"start":{},"end":{}}],"line":116},"16":{"loc":{"start":{"line":116,"column":12},"end":{"line":116,"column":60}},"type":"binary-expr","locations":[{"start":{"line":116,"column":12},"end":{"line":116,"column":33}},{"start":{"line":116,"column":37},"end":{"line":116,"column":60}}],"line":116},"17":{"loc":{"start":{"line":121,"column":39},"end":{"line":121,"column":52}},"type":"default-arg","locations":[{"start":{"line":121,"column":46},"end":{"line":121,"column":52}}],"line":121}},"s":{"0":1,"1":0,"2":0,"3":0,"4":0,"5":0,"6":0,"7":0,"8":0,"9":0,"10":0,"11":0,"12":0,"13":0,"14":0,"15":0,"16":0,"17":0,"18":0,"19":0,"20":0,"21":0,"22":0,"23":0,"24":0,"25":0,"26":0,"27":0,"28":0,"29":0,"30":0,"31":0,"32":0,"33":0,"34":0,"35":0,"36":0,"37":0,"38":0,"39":0,"40":0,"41":0,"42":0,"43":0,"44":0,"45":0,"46":0,"47":0,"48":0,"49":0,"50":0,"51":0,"52":0,"53":0,"54":0,"55":0,"56":0,"57":0,"58":0,"59":0,"60":0,"61":0,"62":0,"63":0,"64":0,"65":0},"f":{"0":0,"1":0,"2":0,"3":0,"4":0,"5":0,"6":0,"7":0,"8":0,"9":0,"10":0},"b":{"0":[0,0],"1":[0,0],"2":[0,0],"3":[0,0],"4":[0,0],"5":[0,0],"6":[0,0],"7":[0,0],"8":[0,0],"9":[0,0],"10":[0,0],"11":[0,0],"12":[0,0],"13":[0,0],"14":[0,0],"15":[0,0],"16":[0,0],"17":[0]},"_coverageSchema":"1a1c01bbd47fc00a2c39e90264f33305004495a9","hash":"f0cfeca1a00ecccedf1df6db1b9caecf0d576a36"}
}
