{"C:\\Users\\Nataly\\reddit\\reddit-clone\\frontend\\static\\js\\base.js": {"path":"C:\\Users\\Nataly\\reddit\\reddit-clone\\frontend\\static\\js\\base.js","statementMap":{"0":{"start":{"line":1,"column":0},"end":{"line":13,"column":3}},"1":{"start":{"line":2,"column":4},"end":{"line":2,"column":39}},"2":{"start":{"line":5,"column":4},"end":{"line":12,"column":7}},"3":{"start":{"line":6,"column":8},"end":{"line":11,"column":11}},"4":{"start":{"line":7,"column":12},"end":{"line":7,"column":31}},"5":{"start":{"line":8,"column":12},"end":{"line":10,"column":15}}},"fnMap":{"0":{"name":"(anonymous_0)","decl":{"start":{"line":1,"column":46},"end":{"line":1,"column":47}},"loc":{"start":{"line":1,"column":57},"end":{"line":13,"column":1}},"line":1},"1":{"name":"(anonymous_1)","decl":{"start":{"line":5,"column":54},"end":{"line":5,"column":55}},"loc":{"start":{"line":5,"column":64},"end":{"line":12,"column":5}},"line":5},"2":{"name":"(anonymous_2)","decl":{"start":{"line":6,"column":41},"end":{"line":6,"column":42}},"loc":{"start":{"line":6,"column":54},"end":{"line":11,"column":9}},"line":6}},"branchMap":{},"s":{"0":1,"1":1,"2":1,"3":1,"4":0,"5":0},"f":{"0":1,"1":1,"2":0},"b":{},"inputSourceMap":null,"_coverageSchema":"1a1c01bbd47fc00a2c39e90264f33305004495a9","hash":"dcb2f1342eab50f11f180cff905623b03e80a836"}
,"C:\\Users\\Nataly\\reddit\\reddit-clone\\frontend\\static\\js\\comments.js": {"path":"C:\\Users\\Nataly\\reddit\\reddit-clone\\frontend\\static\\js\\comments.js","statementMap":{"0":{"start":{"line":3,"column":0},"end":{"line":177,"column":3}},"1":{"start":{"line":4,"column":24},"end":{"line":4,"column":63}},"2":{"start":{"line":5,"column":28},"end":{"line":5,"column":71}},"3":{"start":{"line":6,"column":21},"end":{"line":6,"column":57}},"4":{"start":{"line":9,"column":4},"end":{"line":21,"column":5}},"5":{"start":{"line":10,"column":8},"end":{"line":20,"column":11}},"6":{"start":{"line":11,"column":12},"end":{"line":11,"column":55}},"7":{"start":{"line":14,"column":12},"end":{"line":19,"column":13}},"8":{"start":{"line":15,"column":37},"end":{"line":15,"column":78}},"9":{"start":{"line":16,"column":16},"end":{"line":16,"column":110}},"10":{"start":{"line":18,"column":16},"end":{"line":18,"column":66}},"11":{"start":{"line":24,"column":4},"end":{"line":40,"column":5}},"12":{"start":{"line":25,"column":8},"end":{"line":39,"column":11}},"13":{"start":{"line":26,"column":12},"end":{"line":38,"column":13}},"14":{"start":{"line":27,"column":16},"end":{"line":32,"column":84}},"15":{"start":{"line":32,"column":32},"end":{"line":32,"column":82}},"16":{"start":{"line":35,"column":16},"end":{"line":37,"column":67}},"17":{"start":{"line":36,"column":32},"end":{"line":36,"column":66}},"18":{"start":{"line":37,"column":33},"end":{"line":37,"column":65}},"19":{"start":{"line":43,"column":31},"end":{"line":43,"column":76}},"20":{"start":{"line":45,"column":4},"end":{"line":62,"column":5}},"21":{"start":{"line":46,"column":8},"end":{"line":61,"column":11}},"22":{"start":{"line":47,"column":27},"end":{"line":47,"column":46}},"23":{"start":{"line":48,"column":12},"end":{"line":51,"column":9}},"24":{"start":{"line":49,"column":12},"end":{"line":49,"column":81}},"25":{"start":{"line":50,"column":12},"end":{"line":50,"column":19}},"26":{"start":{"line":53,"column":26},"end":{"line":53,"column":64}},"27":{"start":{"line":54,"column":26},"end":{"line":54,"column":65}},"28":{"start":{"line":57,"column":21},"end":{"line":57,"column":65}},"29":{"start":{"line":58,"column":8},"end":{"line":60,"column":13}},"30":{"start":{"line":59,"column":12},"end":{"line":59,"column":36}},"31":{"start":{"line":65,"column":33},"end":{"line":105,"column":5}},"32":{"start":{"line":66,"column":21},"end":{"line":66,"column":41}},"33":{"start":{"line":67,"column":8},"end":{"line":104,"column":9}},"34":{"start":{"line":69,"column":12},"end":{"line":103,"column":20}},"35":{"start":{"line":70,"column":33},"end":{"line":70,"column":54}},"36":{"start":{"line":71,"column":38},"end":{"line":71,"column":71}},"37":{"start":{"line":73,"column":16},"end":{"line":102,"column":17}},"38":{"start":{"line":75,"column":41},"end":{"line":75,"column":125}},"39":{"start":{"line":76,"column":44},"end":{"line":76,"column":85}},"40":{"start":{"line":77,"column":43},"end":{"line":77,"column":99}},"41":{"start":{"line":79,"column":20},"end":{"line":82,"column":23}},"42":{"start":{"line":85,"column":20},"end":{"line":85,"column":69}},"43":{"start":{"line":86,"column":20},"end":{"line":86,"column":83}},"44":{"start":{"line":87,"column":20},"end":{"line":87,"column":61}},"45":{"start":{"line":89,"column":20},"end":{"line":91,"column":29}},"46":{"start":{"line":90,"column":24},"end":{"line":90,"column":65}},"47":{"start":{"line":94,"column":20},"end":{"line":101,"column":21}},"48":{"start":{"line":95,"column":41},"end":{"line":95,"column":80}},"49":{"start":{"line":96,"column":24},"end":{"line":100,"column":25}},"50":{"start":{"line":97,"column":28},"end":{"line":99,"column":36}},"51":{"start":{"line":98,"column":32},"end":{"line":98,"column":49}},"52":{"start":{"line":108,"column":28},"end":{"line":134,"column":5}},"53":{"start":{"line":109,"column":28},"end":{"line":109,"column":69}},"54":{"start":{"line":111,"column":8},"end":{"line":133,"column":11}},"55":{"start":{"line":112,"column":12},"end":{"line":132,"column":15}},"56":{"start":{"line":113,"column":29},"end":{"line":113,"column":54}},"57":{"start":{"line":116,"column":16},"end":{"line":131,"column":17}},"58":{"start":{"line":117,"column":20},"end":{"line":117,"column":39}},"59":{"start":{"line":120,"column":20},"end":{"line":124,"column":21}},"60":{"start":{"line":121,"column":24},"end":{"line":121,"column":53}},"61":{"start":{"line":123,"column":24},"end":{"line":123,"column":54}},"62":{"start":{"line":127,"column":20},"end":{"line":127,"column":66}},"63":{"start":{"line":130,"column":20},"end":{"line":130,"column":46}},"64":{"start":{"line":137,"column":28},"end":{"line":168,"column":5}},"65":{"start":{"line":138,"column":30},"end":{"line":138,"column":64}},"66":{"start":{"line":139,"column":8},"end":{"line":139,"column":35}},"67":{"start":{"line":139,"column":28},"end":{"line":139,"column":35}},"68":{"start":{"line":141,"column":29},"end":{"line":141,"column":113}},"69":{"start":{"line":142,"column":32},"end":{"line":142,"column":73}},"70":{"start":{"line":143,"column":31},"end":{"line":143,"column":87}},"71":{"start":{"line":145,"column":8},"end":{"line":148,"column":11}},"72":{"start":{"line":151,"column":8},"end":{"line":151,"column":57}},"73":{"start":{"line":152,"column":8},"end":{"line":152,"column":71}},"74":{"start":{"line":153,"column":8},"end":{"line":153,"column":49}},"75":{"start":{"line":155,"column":8},"end":{"line":157,"column":17}},"76":{"start":{"line":156,"column":12},"end":{"line":156,"column":53}},"77":{"start":{"line":160,"column":8},"end":{"line":167,"column":9}},"78":{"start":{"line":161,"column":29},"end":{"line":161,"column":68}},"79":{"start":{"line":162,"column":12},"end":{"line":166,"column":13}},"80":{"start":{"line":163,"column":16},"end":{"line":165,"column":24}},"81":{"start":{"line":164,"column":20},"end":{"line":164,"column":37}},"82":{"start":{"line":171,"column":4},"end":{"line":171,"column":27}},"83":{"start":{"line":172,"column":4},"end":{"line":172,"column":22}},"84":{"start":{"line":175,"column":4},"end":{"line":175,"column":64}}},"fnMap":{"0":{"name":"(anonymous_0)","decl":{"start":{"line":3,"column":46},"end":{"line":3,"column":47}},"loc":{"start":{"line":3,"column":57},"end":{"line":177,"column":1}},"line":3},"1":{"name":"(anonymous_1)","decl":{"start":{"line":10,"column":46},"end":{"line":10,"column":47}},"loc":{"start":{"line":10,"column":57},"end":{"line":20,"column":9}},"line":10},"2":{"name":"(anonymous_2)","decl":{"start":{"line":25,"column":43},"end":{"line":25,"column":44}},"loc":{"start":{"line":25,"column":54},"end":{"line":39,"column":9}},"line":25},"3":{"name":"(anonymous_3)","decl":{"start":{"line":32,"column":23},"end":{"line":32,"column":24}},"loc":{"start":{"line":32,"column":32},"end":{"line":32,"column":82}},"line":32},"4":{"name":"(anonymous_4)","decl":{"start":{"line":36,"column":26},"end":{"line":36,"column":27}},"loc":{"start":{"line":36,"column":32},"end":{"line":36,"column":66}},"line":36},"5":{"name":"(anonymous_5)","decl":{"start":{"line":37,"column":27},"end":{"line":37,"column":28}},"loc":{"start":{"line":37,"column":33},"end":{"line":37,"column":65}},"line":37},"6":{"name":"(anonymous_6)","decl":{"start":{"line":46,"column":61},"end":{"line":46,"column":62}},"loc":{"start":{"line":46,"column":78},"end":{"line":61,"column":9}},"line":46},"7":{"name":"(anonymous_7)","decl":{"start":{"line":65,"column":33},"end":{"line":65,"column":34}},"loc":{"start":{"line":65,"column":44},"end":{"line":105,"column":5}},"line":65},"8":{"name":"(anonymous_8)","decl":{"start":{"line":69,"column":23},"end":{"line":69,"column":24}},"loc":{"start":{"line":69,"column":29},"end":{"line":103,"column":13}},"line":69},"9":{"name":"(anonymous_9)","decl":{"start":{"line":89,"column":31},"end":{"line":89,"column":32}},"loc":{"start":{"line":89,"column":37},"end":{"line":91,"column":21}},"line":89},"10":{"name":"(anonymous_10)","decl":{"start":{"line":97,"column":39},"end":{"line":97,"column":40}},"loc":{"start":{"line":97,"column":45},"end":{"line":99,"column":29}},"line":97},"11":{"name":"(anonymous_11)","decl":{"start":{"line":108,"column":28},"end":{"line":108,"column":29}},"loc":{"start":{"line":108,"column":39},"end":{"line":134,"column":5}},"line":108},"12":{"name":"(anonymous_12)","decl":{"start":{"line":111,"column":28},"end":{"line":111,"column":29}},"loc":{"start":{"line":111,"column":36},"end":{"line":133,"column":9}},"line":111},"13":{"name":"(anonymous_13)","decl":{"start":{"line":112,"column":43},"end":{"line":112,"column":44}},"loc":{"start":{"line":112,"column":55},"end":{"line":132,"column":13}},"line":112},"14":{"name":"(anonymous_14)","decl":{"start":{"line":137,"column":28},"end":{"line":137,"column":29}},"loc":{"start":{"line":137,"column":48},"end":{"line":168,"column":5}},"line":137},"15":{"name":"(anonymous_15)","decl":{"start":{"line":155,"column":19},"end":{"line":155,"column":20}},"loc":{"start":{"line":155,"column":25},"end":{"line":157,"column":9}},"line":155},"16":{"name":"(anonymous_16)","decl":{"start":{"line":163,"column":27},"end":{"line":163,"column":28}},"loc":{"start":{"line":163,"column":33},"end":{"line":165,"column":17}},"line":163}},"branchMap":{"0":{"loc":{"start":{"line":9,"column":4},"end":{"line":21,"column":5}},"type":"if","locations":[{"start":{"line":9,"column":4},"end":{"line":21,"column":5}},{"start":{},"end":{}}],"line":9},"1":{"loc":{"start":{"line":9,"column":8},"end":{"line":9,"column":38}},"type":"binary-expr","locations":[{"start":{"line":9,"column":8},"end":{"line":9,"column":19}},{"start":{"line":9,"column":23},"end":{"line":9,"column":38}}],"line":9},"2":{"loc":{"start":{"line":14,"column":12},"end":{"line":19,"column":13}},"type":"if","locations":[{"start":{"line":14,"column":12},"end":{"line":19,"column":13}},{"start":{"line":17,"column":19},"end":{"line":19,"column":13}}],"line":14},"3":{"loc":{"start":{"line":16,"column":53},"end":{"line":16,"column":98}},"type":"cond-expr","locations":[{"start":{"line":16,"column":68},"end":{"line":16,"column":92}},{"start":{"line":16,"column":95},"end":{"line":16,"column":98}}],"line":16},"4":{"loc":{"start":{"line":24,"column":4},"end":{"line":40,"column":5}},"type":"if","locations":[{"start":{"line":24,"column":4},"end":{"line":40,"column":5}},{"start":{},"end":{}}],"line":24},"5":{"loc":{"start":{"line":26,"column":12},"end":{"line":38,"column":13}},"type":"if","locations":[{"start":{"line":26,"column":12},"end":{"line":38,"column":13}},{"start":{"line":33,"column":19},"end":{"line":38,"column":13}}],"line":26},"6":{"loc":{"start":{"line":45,"column":4},"end":{"line":62,"column":5}},"type":"if","locations":[{"start":{"line":45,"column":4},"end":{"line":62,"column":5}},{"start":{},"end":{}}],"line":45},"7":{"loc":{"start":{"line":48,"column":12},"end":{"line":51,"column":9}},"type":"if","locations":[{"start":{"line":48,"column":12},"end":{"line":51,"column":9}},{"start":{},"end":{}}],"line":48},"8":{"loc":{"start":{"line":58,"column":8},"end":{"line":60,"column":13}},"type":"if","locations":[{"start":{"line":58,"column":8},"end":{"line":60,"column":13}},{"start":{},"end":{}}],"line":58},"9":{"loc":{"start":{"line":67,"column":8},"end":{"line":104,"column":9}},"type":"if","locations":[{"start":{"line":67,"column":8},"end":{"line":104,"column":9}},{"start":{},"end":{}}],"line":67},"10":{"loc":{"start":{"line":73,"column":16},"end":{"line":102,"column":17}},"type":"if","locations":[{"start":{"line":73,"column":16},"end":{"line":102,"column":17}},{"start":{},"end":{}}],"line":73},"11":{"loc":{"start":{"line":75,"column":41},"end":{"line":75,"column":125}},"type":"cond-expr","locations":[{"start":{"line":75,"column":76},"end":{"line":75,"column":121}},{"start":{"line":75,"column":124},"end":{"line":75,"column":125}}],"line":75},"12":{"loc":{"start":{"line":94,"column":20},"end":{"line":101,"column":21}},"type":"if","locations":[{"start":{"line":94,"column":20},"end":{"line":101,"column":21}},{"start":{},"end":{}}],"line":94},"13":{"loc":{"start":{"line":96,"column":24},"end":{"line":100,"column":25}},"type":"if","locations":[{"start":{"line":96,"column":24},"end":{"line":100,"column":25}},{"start":{},"end":{}}],"line":96},"14":{"loc":{"start":{"line":116,"column":16},"end":{"line":131,"column":17}},"type":"if","locations":[{"start":{"line":116,"column":16},"end":{"line":131,"column":17}},{"start":{},"end":{}}],"line":116},"15":{"loc":{"start":{"line":116,"column":20},"end":{"line":116,"column":115}},"type":"binary-expr","locations":[{"start":{"line":116,"column":20},"end":{"line":116,"column":38}},{"start":{"line":116,"column":43},"end":{"line":116,"column":63}},{"start":{"line":116,"column":67},"end":{"line":116,"column":114}}],"line":116},"16":{"loc":{"start":{"line":120,"column":20},"end":{"line":124,"column":21}},"type":"if","locations":[{"start":{"line":120,"column":20},"end":{"line":124,"column":21}},{"start":{"line":122,"column":27},"end":{"line":124,"column":21}}],"line":120},"17":{"loc":{"start":{"line":139,"column":8},"end":{"line":139,"column":35}},"type":"if","locations":[{"start":{"line":139,"column":8},"end":{"line":139,"column":35}},{"start":{},"end":{}}],"line":139},"18":{"loc":{"start":{"line":141,"column":29},"end":{"line":141,"column":113}},"type":"cond-expr","locations":[{"start":{"line":141,"column":64},"end":{"line":141,"column":109}},{"start":{"line":141,"column":112},"end":{"line":141,"column":113}}],"line":141},"19":{"loc":{"start":{"line":160,"column":8},"end":{"line":167,"column":9}},"type":"if","locations":[{"start":{"line":160,"column":8},"end":{"line":167,"column":9}},{"start":{},"end":{}}],"line":160},"20":{"loc":{"start":{"line":162,"column":12},"end":{"line":166,"column":13}},"type":"if","locations":[{"start":{"line":162,"column":12},"end":{"line":166,"column":13}},{"start":{},"end":{}}],"line":162}},"s":{"0":5,"1":9,"2":9,"3":9,"4":9,"5":8,"6":4,"7":4,"8":2,"9":2,"10":2,"11":9,"12":2,"13":0,"14":0,"15":0,"16":0,"17":0,"18":0,"19":9,"20":9,"21":8,"22":2,"23":2,"24":0,"25":0,"26":2,"27":2,"28":2,"29":2,"30":2,"31":9,"32":10,"33":10,"34":2,"35":0,"36":0,"37":0,"38":0,"39":0,"40":0,"41":0,"42":0,"43":0,"44":0,"45":0,"46":0,"47":0,"48":0,"49":0,"50":0,"51":0,"52":9,"53":9,"54":9,"55":8,"56":0,"57":0,"58":0,"59":0,"60":0,"61":0,"62":0,"63":0,"64":9,"65":0,"66":0,"67":0,"68":0,"69":0,"70":0,"71":0,"72":0,"73":0,"74":0,"75":0,"76":0,"77":0,"78":0,"79":0,"80":0,"81":0,"82":9,"83":9,"84":9},"f":{"0":9,"1":4,"2":0,"3":0,"4":0,"5":0,"6":2,"7":10,"8":0,"9":0,"10":0,"11":9,"12":8,"13":0,"14":0,"15":0,"16":0},"b":{"0":[8,1],"1":[9,9],"2":[2,2],"3":[0,2],"4":[2,7],"5":[0,0],"6":[8,1],"7":[0,2],"8":[2,0],"9":[2,8],"10":[0,0],"11":[0,0],"12":[0,0],"13":[0,0],"14":[0,0],"15":[0,0,0],"16":[0,0],"17":[0,0],"18":[0,0],"19":[0,0],"20":[0,0]},"inputSourceMap":null,"_coverageSchema":"1a1c01bbd47fc00a2c39e90264f33305004495a9","hash":"9663ddeb7983ee3b3b7054aefe01cd1517488f62"}
,"C:\\Users\\Nataly\\reddit\\reddit-clone\\frontend\\static\\js\\posts.js": {"path":"C:\\Users\\Nataly\\reddit\\reddit-clone\\frontend\\static\\js\\posts.js","statementMap":{"0":{"start":{"line":1,"column":0},"end":{"line":32,"column":3}},"1":{"start":{"line":2,"column":4},"end":{"line":2,"column":37}},"2":{"start":{"line":5,"column":22},"end":{"line":5,"column":61}},"3":{"start":{"line":6,"column":4},"end":{"line":15,"column":7}},"4":{"start":{"line":7,"column":8},"end":{"line":7,"column":33}},"5":{"start":{"line":8,"column":8},"end":{"line":8,"column":50}},"6":{"start":{"line":10,"column":8},"end":{"line":14,"column":24}},"7":{"start":{"line":11,"column":12},"end":{"line":11,"column":52}},"8":{"start":{"line":12,"column":12},"end":{"line":12,"column":37}},"9":{"start":{"line":13,"column":12},"end":{"line":13,"column":51}},"10":{"start":{"line":18,"column":23},"end":{"line":18,"column":65}},"11":{"start":{"line":20,"column":26},"end":{"line":29,"column":6}},"12":{"start":{"line":21,"column":8},"end":{"line":28,"column":11}},"13":{"start":{"line":22,"column":12},"end":{"line":27,"column":13}},"14":{"start":{"line":23,"column":28},"end":{"line":23,"column":40}},"15":{"start":{"line":24,"column":16},"end":{"line":24,"column":42}},"16":{"start":{"line":25,"column":16},"end":{"line":25,"column":45}},"17":{"start":{"line":26,"column":16},"end":{"line":26,"column":45}},"18":{"start":{"line":31,"column":4},"end":{"line":31,"column":58}},"19":{"start":{"line":31,"column":30},"end":{"line":31,"column":56}},"20":{"start":{"line":36,"column":0},"end":{"line":67,"column":3}},"21":{"start":{"line":37,"column":23},"end":{"line":37,"column":62}},"22":{"start":{"line":39,"column":4},"end":{"line":66,"column":7}},"23":{"start":{"line":40,"column":8},"end":{"line":65,"column":11}},"24":{"start":{"line":41,"column":12},"end":{"line":41,"column":31}},"25":{"start":{"line":43,"column":29},"end":{"line":43,"column":47}},"26":{"start":{"line":44,"column":27},"end":{"line":44,"column":60}},"27":{"start":{"line":46,"column":12},"end":{"line":64,"column":15}},"28":{"start":{"line":53,"column":30},"end":{"line":53,"column":45}},"29":{"start":{"line":55,"column":16},"end":{"line":63,"column":17}},"30":{"start":{"line":57,"column":39},"end":{"line":57,"column":98}},"31":{"start":{"line":58,"column":20},"end":{"line":60,"column":21}},"32":{"start":{"line":59,"column":24},"end":{"line":59,"column":67}},"33":{"start":{"line":62,"column":20},"end":{"line":62,"column":94}}},"fnMap":{"0":{"name":"(anonymous_0)","decl":{"start":{"line":1,"column":46},"end":{"line":1,"column":47}},"loc":{"start":{"line":1,"column":57},"end":{"line":32,"column":1}},"line":1},"1":{"name":"(anonymous_1)","decl":{"start":{"line":6,"column":22},"end":{"line":6,"column":23}},"loc":{"start":{"line":6,"column":39},"end":{"line":15,"column":5}},"line":6},"2":{"name":"(anonymous_2)","decl":{"start":{"line":10,"column":19},"end":{"line":10,"column":20}},"loc":{"start":{"line":10,"column":25},"end":{"line":14,"column":9}},"line":10},"3":{"name":"(anonymous_3)","decl":{"start":{"line":20,"column":51},"end":{"line":20,"column":52}},"loc":{"start":{"line":20,"column":74},"end":{"line":29,"column":5}},"line":20},"4":{"name":"(anonymous_4)","decl":{"start":{"line":21,"column":24},"end":{"line":21,"column":25}},"loc":{"start":{"line":21,"column":33},"end":{"line":28,"column":9}},"line":21},"5":{"name":"(anonymous_5)","decl":{"start":{"line":31,"column":23},"end":{"line":31,"column":24}},"loc":{"start":{"line":31,"column":30},"end":{"line":31,"column":56}},"line":31},"6":{"name":"(anonymous_6)","decl":{"start":{"line":36,"column":46},"end":{"line":36,"column":47}},"loc":{"start":{"line":36,"column":57},"end":{"line":67,"column":1}},"line":36},"7":{"name":"(anonymous_7)","decl":{"start":{"line":39,"column":23},"end":{"line":39,"column":24}},"loc":{"start":{"line":39,"column":31},"end":{"line":66,"column":5}},"line":39},"8":{"name":"(anonymous_8)","decl":{"start":{"line":40,"column":40},"end":{"line":40,"column":41}},"loc":{"start":{"line":40,"column":52},"end":{"line":65,"column":9}},"line":40},"9":{"name":"(anonymous_9)","decl":{"start":{"line":53,"column":18},"end":{"line":53,"column":19}},"loc":{"start":{"line":53,"column":30},"end":{"line":53,"column":45}},"line":53},"10":{"name":"(anonymous_10)","decl":{"start":{"line":54,"column":18},"end":{"line":54,"column":19}},"loc":{"start":{"line":54,"column":26},"end":{"line":64,"column":13}},"line":54}},"branchMap":{"0":{"loc":{"start":{"line":22,"column":12},"end":{"line":27,"column":13}},"type":"if","locations":[{"start":{"line":22,"column":12},"end":{"line":27,"column":13}},{"start":{},"end":{}}],"line":22},"1":{"loc":{"start":{"line":55,"column":16},"end":{"line":63,"column":17}},"type":"if","locations":[{"start":{"line":55,"column":16},"end":{"line":63,"column":17}},{"start":{},"end":{}}],"line":55},"2":{"loc":{"start":{"line":58,"column":20},"end":{"line":60,"column":21}},"type":"if","locations":[{"start":{"line":58,"column":20},"end":{"line":60,"column":21}},{"start":{},"end":{}}],"line":58}},"s":{"0":2,"1":2,"2":2,"3":2,"4":4,"5":4,"6":4,"7":1,"8":1,"9":1,"10":2,"11":2,"12":0,"13":0,"14":0,"15":0,"16":0,"17":0,"18":2,"19":0,"20":2,"21":2,"22":2,"23":1,"24":1,"25":1,"26":1,"27":1,"28":1,"29":1,"30":1,"31":1,"32":0,"33":1},"f":{"0":2,"1":4,"2":1,"3":0,"4":0,"5":0,"6":2,"7":1,"8":1,"9":1,"10":1},"b":{"0":[0,0],"1":[1,0],"2":[0,1]},"inputSourceMap":null,"_coverageSchema":"1a1c01bbd47fc00a2c39e90264f33305004495a9","hash":"56e049a1e04fed7eb9b609417f3310a9d31e1508"}
,"C:\\Users\\Nataly\\reddit\\reddit-clone\\frontend\\static\\js\\share.js": {"path":"C:\\Users\\Nataly\\reddit\\reddit-clone\\frontend\\static\\js\\share.js","statementMap":{"0":{"start":{"line":3,"column":21},"end":{"line":3,"column":65}},"1":{"start":{"line":4,"column":23},"end":{"line":4,"column":51}},"2":{"start":{"line":5,"column":25},"end":{"line":5,"column":75}},"3":{"start":{"line":8,"column":4},"end":{"line":8,"column":57}},"4":{"start":{"line":11,"column":4},"end":{"line":12,"column":82}},"5":{"start":{"line":13,"column":4},"end":{"line":14,"column":69}},"6":{"start":{"line":15,"column":4},"end":{"line":16,"column":76}},"7":{"start":{"line":17,"column":4},"end":{"line":18,"column":72}},"8":{"start":{"line":21,"column":23},"end":{"line":21,"column":81}},"9":{"start":{"line":22,"column":4},"end":{"line":22,"column":22}},"10":{"start":{"line":27,"column":21},"end":{"line":27,"column":56}},"11":{"start":{"line":28,"column":4},"end":{"line":28,"column":22}},"12":{"start":{"line":29,"column":4},"end":{"line":29,"column":41}},"13":{"start":{"line":31,"column":4},"end":{"line":40,"column":5}},"14":{"start":{"line":33,"column":8},"end":{"line":35,"column":11}},"15":{"start":{"line":34,"column":12},"end":{"line":34,"column":31}},"16":{"start":{"line":38,"column":8},"end":{"line":38,"column":37}},"17":{"start":{"line":39,"column":8},"end":{"line":39,"column":27}},"18":{"start":{"line":45,"column":20},"end":{"line":45,"column":62}},"19":{"start":{"line":46,"column":25},"end":{"line":46,"column":42}},"20":{"start":{"line":47,"column":4},"end":{"line":47,"column":63}},"21":{"start":{"line":48,"column":4},"end":{"line":48,"column":54}},"22":{"start":{"line":49,"column":4},"end":{"line":49,"column":41}},"23":{"start":{"line":51,"column":4},"end":{"line":55,"column":13}},"24":{"start":{"line":52,"column":8},"end":{"line":52,"column":41}},"25":{"start":{"line":53,"column":8},"end":{"line":53,"column":48}},"26":{"start":{"line":54,"column":8},"end":{"line":54,"column":55}},"27":{"start":{"line":59,"column":0},"end":{"line":98,"column":3}},"28":{"start":{"line":61,"column":25},"end":{"line":61,"column":64}},"29":{"start":{"line":62,"column":4},"end":{"line":80,"column":7}},"30":{"start":{"line":63,"column":8},"end":{"line":79,"column":11}},"31":{"start":{"line":64,"column":27},"end":{"line":64,"column":60}},"32":{"start":{"line":68,"column":28},"end":{"line":68,"column":30}},"33":{"start":{"line":69,"column":25},"end":{"line":69,"column":46}},"34":{"start":{"line":70,"column":12},"end":{"line":76,"column":13}},"35":{"start":{"line":71,"column":37},"end":{"line":74,"column":59}},"36":{"start":{"line":75,"column":16},"end":{"line":75,"column":80}},"37":{"start":{"line":78,"column":12},"end":{"line":78,"column":46}},"38":{"start":{"line":83,"column":20},"end":{"line":83,"column":62}},"39":{"start":{"line":84,"column":4},"end":{"line":86,"column":5}},"40":{"start":{"line":85,"column":8},"end":{"line":85,"column":56}},"41":{"start":{"line":89,"column":23},"end":{"line":89,"column":60}},"42":{"start":{"line":90,"column":4},"end":{"line":97,"column":5}},"43":{"start":{"line":91,"column":8},"end":{"line":96,"column":11}},"44":{"start":{"line":92,"column":12},"end":{"line":95,"column":13}},"45":{"start":{"line":93,"column":30},"end":{"line":93,"column":63}},"46":{"start":{"line":94,"column":16},"end":{"line":94,"column":29}}},"fnMap":{"0":{"name":"openShareModal","decl":{"start":{"line":2,"column":9},"end":{"line":2,"column":23}},"loc":{"start":{"line":2,"column":43},"end":{"line":23,"column":1}},"line":2},"1":{"name":"copyShareUrl","decl":{"start":{"line":26,"column":9},"end":{"line":26,"column":21}},"loc":{"start":{"line":26,"column":24},"end":{"line":41,"column":1}},"line":26},"2":{"name":"(anonymous_2)","decl":{"start":{"line":33,"column":59},"end":{"line":33,"column":60}},"loc":{"start":{"line":33,"column":65},"end":{"line":35,"column":9}},"line":33},"3":{"name":"showCopyFeedback","decl":{"start":{"line":44,"column":9},"end":{"line":44,"column":25}},"loc":{"start":{"line":44,"column":28},"end":{"line":56,"column":1}},"line":44},"4":{"name":"(anonymous_4)","decl":{"start":{"line":51,"column":15},"end":{"line":51,"column":16}},"loc":{"start":{"line":51,"column":21},"end":{"line":55,"column":5}},"line":51},"5":{"name":"(anonymous_5)","decl":{"start":{"line":59,"column":46},"end":{"line":59,"column":47}},"loc":{"start":{"line":59,"column":57},"end":{"line":98,"column":1}},"line":59},"6":{"name":"(anonymous_6)","decl":{"start":{"line":62,"column":25},"end":{"line":62,"column":26}},"loc":{"start":{"line":62,"column":35},"end":{"line":80,"column":5}},"line":62},"7":{"name":"(anonymous_7)","decl":{"start":{"line":63,"column":41},"end":{"line":63,"column":42}},"loc":{"start":{"line":63,"column":52},"end":{"line":79,"column":9}},"line":63},"8":{"name":"(anonymous_8)","decl":{"start":{"line":91,"column":45},"end":{"line":91,"column":46}},"loc":{"start":{"line":91,"column":61},"end":{"line":96,"column":9}},"line":91}},"branchMap":{"0":{"loc":{"start":{"line":5,"column":44},"end":{"line":5,"column":74}},"type":"binary-expr","locations":[{"start":{"line":5,"column":44},"end":{"line":5,"column":53}},{"start":{"line":5,"column":57},"end":{"line":5,"column":74}}],"line":5},"1":{"loc":{"start":{"line":70,"column":12},"end":{"line":76,"column":13}},"type":"if","locations":[{"start":{"line":70,"column":12},"end":{"line":76,"column":13}},{"start":{},"end":{}}],"line":70},"2":{"loc":{"start":{"line":71,"column":37},"end":{"line":74,"column":59}},"type":"binary-expr","locations":[{"start":{"line":71,"column":37},"end":{"line":71,"column":72}},{"start":{"line":72,"column":35},"end":{"line":72,"column":68}},{"start":{"line":73,"column":35},"end":{"line":73,"column":59}},{"start":{"line":74,"column":35},"end":{"line":74,"column":59}}],"line":71},"3":{"loc":{"start":{"line":75,"column":28},"end":{"line":75,"column":79}},"type":"cond-expr","locations":[{"start":{"line":75,"column":43},"end":{"line":75,"column":74}},{"start":{"line":75,"column":77},"end":{"line":75,"column":79}}],"line":75},"4":{"loc":{"start":{"line":84,"column":4},"end":{"line":86,"column":5}},"type":"if","locations":[{"start":{"line":84,"column":4},"end":{"line":86,"column":5}},{"start":{},"end":{}}],"line":84},"5":{"loc":{"start":{"line":90,"column":4},"end":{"line":97,"column":5}},"type":"if","locations":[{"start":{"line":90,"column":4},"end":{"line":97,"column":5}},{"start":{},"end":{}}],"line":90},"6":{"loc":{"start":{"line":92,"column":12},"end":{"line":95,"column":13}},"type":"if","locations":[{"start":{"line":92,"column":12},"end":{"line":95,"column":13}},{"start":{},"end":{}}],"line":92}},"s":{"0":0,"1":0,"2":0,"3":0,"4":0,"5":0,"6":0,"7":0,"8":0,"9":0,"10":3,"11":3,"12":3,"13":3,"14":3,"15":3,"16":0,"17":0,"18":3,"19":3,"20":3,"21":3,"22":3,"23":3,"24":0,"25":0,"26":0,"27":4,"28":6,"29":6,"30":6,"31":0,"32":0,"33":0,"34":0,"35":0,"36":0,"37":0,"38":6,"39":6,"40":5,"41":6,"42":6,"43":5,"44":3,"45":0,"46":0},"f":{"0":0,"1":3,"2":3,"3":3,"4":0,"5":6,"6":6,"7":0,"8":3},"b":{"0":[0,0],"1":[0,0],"2":[0,0,0,0],"3":[0,0],"4":[5,1],"5":[5,1],"6":[0,3]},"inputSourceMap":null,"_coverageSchema":"1a1c01bbd47fc00a2c39e90264f33305004495a9","hash":"4ccb3533a089ecdb17487e0d78fb738c779832ac"}
,"C:\\Users\\Nataly\\reddit\\reddit-clone\\frontend\\static\\js\\voting.js": {"path":"C:\\Users\\Nataly\\reddit\\reddit-clone\\frontend\\static\\js\\voting.js","statementMap":{"0":{"start":{"line":1,"column":0},"end":{"line":124,"column":3}},"1":{"start":{"line":2,"column":24},"end":{"line":2,"column":62}},"2":{"start":{"line":3,"column":22},"end":{"line":3,"column":81}},"3":{"start":{"line":5,"column":4},"end":{"line":5,"column":40}},"4":{"start":{"line":6,"column":4},"end":{"line":6,"column":59}},"5":{"start":{"line":7,"column":4},"end":{"line":7,"column":66}},"6":{"start":{"line":9,"column":4},"end":{"line":12,"column":5}},"7":{"start":{"line":10,"column":8},"end":{"line":10,"column":61}},"8":{"start":{"line":11,"column":8},"end":{"line":11,"column":15}},"9":{"start":{"line":14,"column":4},"end":{"line":71,"column":7}},"10":{"start":{"line":15,"column":8},"end":{"line":70,"column":11}},"11":{"start":{"line":16,"column":29},"end":{"line":16,"column":50}},"12":{"start":{"line":17,"column":32},"end":{"line":17,"column":62}},"13":{"start":{"line":18,"column":27},"end":{"line":18,"column":74}},"14":{"start":{"line":20,"column":12},"end":{"line":24,"column":15}},"15":{"start":{"line":26,"column":12},"end":{"line":30,"column":13}},"16":{"start":{"line":27,"column":16},"end":{"line":27,"column":81}},"17":{"start":{"line":28,"column":16},"end":{"line":28,"column":70}},"18":{"start":{"line":29,"column":16},"end":{"line":29,"column":23}},"19":{"start":{"line":33,"column":33},"end":{"line":33,"column":47}},"20":{"start":{"line":34,"column":12},"end":{"line":34,"column":35}},"21":{"start":{"line":35,"column":12},"end":{"line":35,"column":33}},"22":{"start":{"line":38,"column":12},"end":{"line":69,"column":15}},"23":{"start":{"line":46,"column":16},"end":{"line":46,"column":65}},"24":{"start":{"line":47,"column":16},"end":{"line":49,"column":17}},"25":{"start":{"line":48,"column":20},"end":{"line":48,"column":78}},"26":{"start":{"line":50,"column":16},"end":{"line":50,"column":39}},"27":{"start":{"line":53,"column":16},"end":{"line":53,"column":57}},"28":{"start":{"line":54,"column":16},"end":{"line":60,"column":17}},"29":{"start":{"line":55,"column":20},"end":{"line":55,"column":53}},"30":{"start":{"line":56,"column":20},"end":{"line":56,"column":55}},"31":{"start":{"line":57,"column":20},"end":{"line":57,"column":65}},"32":{"start":{"line":59,"column":20},"end":{"line":59,"column":70}},"33":{"start":{"line":63,"column":16},"end":{"line":63,"column":53}},"34":{"start":{"line":64,"column":16},"end":{"line":64,"column":94}},"35":{"start":{"line":67,"column":16},"end":{"line":67,"column":46}},"36":{"start":{"line":68,"column":16},"end":{"line":68,"column":38}},"37":{"start":{"line":74,"column":8},"end":{"line":74,"column":79}},"38":{"start":{"line":77,"column":29},"end":{"line":77,"column":66}},"39":{"start":{"line":78,"column":31},"end":{"line":78,"column":71}},"40":{"start":{"line":79,"column":33},"end":{"line":79,"column":75}},"41":{"start":{"line":81,"column":8},"end":{"line":89,"column":9}},"42":{"start":{"line":82,"column":12},"end":{"line":82,"column":50}},"43":{"start":{"line":83,"column":12},"end":{"line":83,"column":66}},"44":{"start":{"line":84,"column":12},"end":{"line":88,"column":13}},"45":{"start":{"line":85,"column":16},"end":{"line":85,"column":55}},"46":{"start":{"line":86,"column":19},"end":{"line":88,"column":13}},"47":{"start":{"line":87,"column":16},"end":{"line":87,"column":55}},"48":{"start":{"line":90,"column":8},"end":{"line":90,"column":70}},"49":{"start":{"line":90,"column":28},"end":{"line":90,"column":70}},"50":{"start":{"line":91,"column":8},"end":{"line":91,"column":76}},"51":{"start":{"line":91,"column":30},"end":{"line":91,"column":76}},"52":{"start":{"line":94,"column":33},"end":{"line":94,"column":80}},"53":{"start":{"line":95,"column":8},"end":{"line":103,"column":9}},"54":{"start":{"line":96,"column":12},"end":{"line":96,"column":54}},"55":{"start":{"line":97,"column":12},"end":{"line":97,"column":70}},"56":{"start":{"line":98,"column":12},"end":{"line":102,"column":13}},"57":{"start":{"line":99,"column":16},"end":{"line":99,"column":59}},"58":{"start":{"line":100,"column":19},"end":{"line":102,"column":13}},"59":{"start":{"line":101,"column":16},"end":{"line":101,"column":59}},"60":{"start":{"line":107,"column":27},"end":{"line":107,"column":65}},"61":{"start":{"line":110,"column":8},"end":{"line":112,"column":11}},"62":{"start":{"line":111,"column":12},"end":{"line":111,"column":43}},"63":{"start":{"line":115,"column":8},"end":{"line":117,"column":9}},"64":{"start":{"line":116,"column":12},"end":{"line":116,"column":50}},"65":{"start":{"line":122,"column":8},"end":{"line":122,"column":51}}},"fnMap":{"0":{"name":"(anonymous_0)","decl":{"start":{"line":1,"column":46},"end":{"line":1,"column":47}},"loc":{"start":{"line":1,"column":57},"end":{"line":124,"column":1}},"line":1},"1":{"name":"(anonymous_1)","decl":{"start":{"line":14,"column":24},"end":{"line":14,"column":25}},"loc":{"start":{"line":14,"column":34},"end":{"line":71,"column":5}},"line":14},"2":{"name":"(anonymous_2)","decl":{"start":{"line":15,"column":41},"end":{"line":15,"column":42}},"loc":{"start":{"line":15,"column":52},"end":{"line":70,"column":9}},"line":15},"3":{"name":"(anonymous_3)","decl":{"start":{"line":45,"column":18},"end":{"line":45,"column":19}},"loc":{"start":{"line":45,"column":30},"end":{"line":51,"column":13}},"line":45},"4":{"name":"(anonymous_4)","decl":{"start":{"line":52,"column":18},"end":{"line":52,"column":19}},"loc":{"start":{"line":52,"column":26},"end":{"line":61,"column":13}},"line":52},"5":{"name":"(anonymous_5)","decl":{"start":{"line":62,"column":19},"end":{"line":62,"column":20}},"loc":{"start":{"line":62,"column":28},"end":{"line":65,"column":13}},"line":62},"6":{"name":"(anonymous_6)","decl":{"start":{"line":66,"column":21},"end":{"line":66,"column":22}},"loc":{"start":{"line":66,"column":27},"end":{"line":69,"column":13}},"line":66},"7":{"name":"updateVoteCounters","decl":{"start":{"line":73,"column":13},"end":{"line":73,"column":31}},"loc":{"start":{"line":73,"column":46},"end":{"line":104,"column":5}},"line":73},"8":{"name":"updateButtonStyles","decl":{"start":{"line":106,"column":13},"end":{"line":106,"column":31}},"loc":{"start":{"line":106,"column":57},"end":{"line":118,"column":5}},"line":106},"9":{"name":"(anonymous_9)","decl":{"start":{"line":110,"column":27},"end":{"line":110,"column":28}},"loc":{"start":{"line":110,"column":34},"end":{"line":112,"column":9}},"line":110},"10":{"name":"showNotification","decl":{"start":{"line":120,"column":13},"end":{"line":120,"column":29}},"loc":{"start":{"line":120,"column":54},"end":{"line":123,"column":5}},"line":120}},"branchMap":{"0":{"loc":{"start":{"line":7,"column":31},"end":{"line":7,"column":64}},"type":"cond-expr","locations":[{"start":{"line":7,"column":43},"end":{"line":7,"column":52}},{"start":{"line":7,"column":55},"end":{"line":7,"column":64}}],"line":7},"1":{"loc":{"start":{"line":9,"column":4},"end":{"line":12,"column":5}},"type":"if","locations":[{"start":{"line":9,"column":4},"end":{"line":12,"column":5}},{"start":{},"end":{}}],"line":9},"2":{"loc":{"start":{"line":9,"column":8},"end":{"line":9,"column":41}},"type":"binary-expr","locations":[{"start":{"line":9,"column":8},"end":{"line":9,"column":27}},{"start":{"line":9,"column":31},"end":{"line":9,"column":41}}],"line":9},"3":{"loc":{"start":{"line":18,"column":27},"end":{"line":18,"column":74}},"type":"cond-expr","locations":[{"start":{"line":18,"column":41},"end":{"line":18,"column":67}},{"start":{"line":18,"column":70},"end":{"line":18,"column":74}}],"line":18},"4":{"loc":{"start":{"line":26,"column":12},"end":{"line":30,"column":13}},"type":"if","locations":[{"start":{"line":26,"column":12},"end":{"line":30,"column":13}},{"start":{},"end":{}}],"line":26},"5":{"loc":{"start":{"line":47,"column":16},"end":{"line":49,"column":17}},"type":"if","locations":[{"start":{"line":47,"column":16},"end":{"line":49,"column":17}},{"start":{},"end":{}}],"line":47},"6":{"loc":{"start":{"line":54,"column":16},"end":{"line":60,"column":17}},"type":"if","locations":[{"start":{"line":54,"column":16},"end":{"line":60,"column":17}},{"start":{"line":58,"column":23},"end":{"line":60,"column":17}}],"line":54},"7":{"loc":{"start":{"line":81,"column":8},"end":{"line":89,"column":9}},"type":"if","locations":[{"start":{"line":81,"column":8},"end":{"line":89,"column":9}},{"start":{},"end":{}}],"line":81},"8":{"loc":{"start":{"line":84,"column":12},"end":{"line":88,"column":13}},"type":"if","locations":[{"start":{"line":84,"column":12},"end":{"line":88,"column":13}},{"start":{"line":86,"column":19},"end":{"line":88,"column":13}}],"line":84},"9":{"loc":{"start":{"line":86,"column":19},"end":{"line":88,"column":13}},"type":"if","locations":[{"start":{"line":86,"column":19},"end":{"line":88,"column":13}},{"start":{},"end":{}}],"line":86},"10":{"loc":{"start":{"line":90,"column":8},"end":{"line":90,"column":70}},"type":"if","locations":[{"start":{"line":90,"column":8},"end":{"line":90,"column":70}},{"start":{},"end":{}}],"line":90},"11":{"loc":{"start":{"line":91,"column":8},"end":{"line":91,"column":76}},"type":"if","locations":[{"start":{"line":91,"column":8},"end":{"line":91,"column":76}},{"start":{},"end":{}}],"line":91},"12":{"loc":{"start":{"line":95,"column":8},"end":{"line":103,"column":9}},"type":"if","locations":[{"start":{"line":95,"column":8},"end":{"line":103,"column":9}},{"start":{},"end":{}}],"line":95},"13":{"loc":{"start":{"line":98,"column":12},"end":{"line":102,"column":13}},"type":"if","locations":[{"start":{"line":98,"column":12},"end":{"line":102,"column":13}},{"start":{"line":100,"column":19},"end":{"line":102,"column":13}}],"line":98},"14":{"loc":{"start":{"line":100,"column":19},"end":{"line":102,"column":13}},"type":"if","locations":[{"start":{"line":100,"column":19},"end":{"line":102,"column":13}},{"start":{},"end":{}}],"line":100},"15":{"loc":{"start":{"line":115,"column":8},"end":{"line":117,"column":9}},"type":"if","locations":[{"start":{"line":115,"column":8},"end":{"line":117,"column":9}},{"start":{},"end":{}}],"line":115},"16":{"loc":{"start":{"line":115,"column":12},"end":{"line":115,"column":60}},"type":"binary-expr","locations":[{"start":{"line":115,"column":12},"end":{"line":115,"column":33}},{"start":{"line":115,"column":37},"end":{"line":115,"column":60}}],"line":115},"17":{"loc":{"start":{"line":120,"column":39},"end":{"line":120,"column":52}},"type":"default-arg","locations":[{"start":{"line":120,"column":46},"end":{"line":120,"column":52}}],"line":120}},"s":{"0":3,"1":4,"2":4,"3":4,"4":4,"5":4,"6":4,"7":0,"8":0,"9":4,"10":6,"11":1,"12":1,"13":1,"14":1,"15":1,"16":0,"17":0,"18":0,"19":1,"20":1,"21":1,"22":1,"23":1,"24":1,"25":0,"26":1,"27":1,"28":1,"29":1,"30":1,"31":1,"32":0,"33":0,"34":0,"35":1,"36":1,"37":1,"38":1,"39":1,"40":1,"41":1,"42":1,"43":1,"44":1,"45":1,"46":0,"47":0,"48":1,"49":1,"50":1,"51":1,"52":1,"53":1,"54":1,"55":1,"56":1,"57":1,"58":0,"59":0,"60":1,"61":1,"62":2,"63":1,"64":1,"65":1},"f":{"0":4,"1":6,"2":1,"3":1,"4":1,"5":0,"6":1,"7":1,"8":1,"9":2,"10":1},"b":{"0":[4,0],"1":[0,4],"2":[4,4],"3":[1,0],"4":[0,1],"5":[0,1],"6":[1,0],"7":[1,0],"8":[1,0],"9":[0,0],"10":[1,0],"11":[1,0],"12":[1,0],"13":[1,0],"14":[0,0],"15":[1,0],"16":[1,0],"17":[0]},"inputSourceMap":null,"_coverageSchema":"1a1c01bbd47fc00a2c39e90264f33305004495a9","hash":"d955fa3a83900381319452540eb5517c39ce30ea"}
,"C:\\Users\\Nataly\\reddit\\reddit-clone\\posts\\static\\posts\\js\\ajax_handler.js": {"path":"C:\\Users\\Nataly\\reddit\\reddit-clone\\posts\\static\\posts\\js\\ajax_handler.js","statementMap":{"0":{"start":{"line":1,"column":0},"end":{"line":250,"column":5}},"1":{"start":{"line":2,"column":4},"end":{"line":5,"column":5}},"2":{"start":{"line":3,"column":8},"end":{"line":3,"column":69}},"3":{"start":{"line":4,"column":8},"end":{"line":4,"column":15}},"4":{"start":{"line":6,"column":4},"end":{"line":6,"column":41}},"5":{"start":{"line":8,"column":4},"end":{"line":8,"column":60}},"6":{"start":{"line":10,"column":4},"end":{"line":249,"column":7}},"7":{"start":{"line":11,"column":8},"end":{"line":11,"column":72}},"8":{"start":{"line":14,"column":26},"end":{"line":14,"column":69}},"9":{"start":{"line":15,"column":8},"end":{"line":19,"column":11}},"10":{"start":{"line":17,"column":28},"end":{"line":17,"column":48}},"11":{"start":{"line":18,"column":12},"end":{"line":18,"column":56}},"12":{"start":{"line":23,"column":12},"end":{"line":23,"column":66}},"13":{"start":{"line":25,"column":12},"end":{"line":29,"column":13}},"14":{"start":{"line":26,"column":16},"end":{"line":26,"column":88}},"15":{"start":{"line":27,"column":16},"end":{"line":27,"column":60}},"16":{"start":{"line":28,"column":16},"end":{"line":28,"column":23}},"17":{"start":{"line":31,"column":33},"end":{"line":31,"column":101}},"18":{"start":{"line":32,"column":12},"end":{"line":32,"column":86}},"19":{"start":{"line":34,"column":12},"end":{"line":51,"column":15}},"20":{"start":{"line":35,"column":16},"end":{"line":50,"column":25}},"21":{"start":{"line":36,"column":20},"end":{"line":49,"column":21}},"22":{"start":{"line":37,"column":24},"end":{"line":48,"column":25}},"23":{"start":{"line":38,"column":44},"end":{"line":38,"column":86}},"24":{"start":{"line":39,"column":28},"end":{"line":39,"column":44}},"25":{"start":{"line":41,"column":28},"end":{"line":41,"column":73}},"26":{"start":{"line":42,"column":28},"end":{"line":42,"column":54}},"27":{"start":{"line":43,"column":28},"end":{"line":47,"column":36}},"28":{"start":{"line":44,"column":32},"end":{"line":46,"column":33}},"29":{"start":{"line":45,"column":36},"end":{"line":45,"column":72}},"30":{"start":{"line":53,"column":8},"end":{"line":53,"column":37}},"31":{"start":{"line":56,"column":31},"end":{"line":56,"column":74}},"32":{"start":{"line":57,"column":8},"end":{"line":57,"column":82}},"33":{"start":{"line":59,"column":8},"end":{"line":165,"column":11}},"34":{"start":{"line":60,"column":12},"end":{"line":63,"column":13}},"35":{"start":{"line":61,"column":16},"end":{"line":61,"column":92}},"36":{"start":{"line":62,"column":16},"end":{"line":62,"column":23}},"37":{"start":{"line":64,"column":12},"end":{"line":64,"column":59}},"38":{"start":{"line":66,"column":12},"end":{"line":164,"column":15}},"39":{"start":{"line":67,"column":16},"end":{"line":67,"column":35}},"40":{"start":{"line":68,"column":16},"end":{"line":68,"column":36}},"41":{"start":{"line":69,"column":16},"end":{"line":69,"column":45}},"42":{"start":{"line":71,"column":16},"end":{"line":71,"column":76}},"43":{"start":{"line":74,"column":16},"end":{"line":77,"column":17}},"44":{"start":{"line":75,"column":20},"end":{"line":75,"column":90}},"45":{"start":{"line":76,"column":20},"end":{"line":76,"column":27}},"46":{"start":{"line":78,"column":16},"end":{"line":78,"column":61}},"47":{"start":{"line":80,"column":33},"end":{"line":80,"column":51}},"48":{"start":{"line":81,"column":28},"end":{"line":81,"column":39}},"49":{"start":{"line":82,"column":31},"end":{"line":82,"column":73}},"50":{"start":{"line":83,"column":31},"end":{"line":83,"column":68}},"51":{"start":{"line":85,"column":16},"end":{"line":89,"column":17}},"52":{"start":{"line":86,"column":20},"end":{"line":86,"column":78}},"53":{"start":{"line":87,"column":20},"end":{"line":87,"column":60}},"54":{"start":{"line":88,"column":20},"end":{"line":88,"column":27}},"55":{"start":{"line":92,"column":39},"end":{"line":92,"column":95}},"56":{"start":{"line":95,"column":37},"end":{"line":95,"column":53}},"57":{"start":{"line":96,"column":16},"end":{"line":96,"column":39}},"58":{"start":{"line":97,"column":16},"end":{"line":97,"column":39}},"59":{"start":{"line":99,"column":16},"end":{"line":163,"column":19}},"60":{"start":{"line":108,"column":20},"end":{"line":108,"column":88}},"61":{"start":{"line":110,"column":20},"end":{"line":116,"column":21}},"62":{"start":{"line":111,"column":24},"end":{"line":115,"column":27}},"63":{"start":{"line":112,"column":45},"end":{"line":112,"column":127}},"64":{"start":{"line":113,"column":28},"end":{"line":113,"column":60}},"65":{"start":{"line":114,"column":28},"end":{"line":114,"column":71}},"66":{"start":{"line":118,"column":20},"end":{"line":120,"column":21}},"67":{"start":{"line":119,"column":24},"end":{"line":119,"column":82}},"68":{"start":{"line":122,"column":20},"end":{"line":122,"column":43}},"69":{"start":{"line":125,"column":20},"end":{"line":125,"column":73}},"70":{"start":{"line":128,"column":20},"end":{"line":128,"column":52}},"71":{"start":{"line":129,"column":20},"end":{"line":129,"column":44}},"72":{"start":{"line":130,"column":20},"end":{"line":130,"column":60}},"73":{"start":{"line":132,"column":20},"end":{"line":136,"column":21}},"74":{"start":{"line":133,"column":24},"end":{"line":133,"column":83}},"75":{"start":{"line":134,"column":24},"end":{"line":134,"column":74}},"76":{"start":{"line":135,"column":24},"end":{"line":135,"column":31}},"77":{"start":{"line":139,"column":20},"end":{"line":139,"column":62}},"78":{"start":{"line":140,"column":20},"end":{"line":140,"column":62}},"79":{"start":{"line":142,"column":20},"end":{"line":142,"column":126}},"80":{"start":{"line":145,"column":20},"end":{"line":145,"column":55}},"81":{"start":{"line":147,"column":20},"end":{"line":149,"column":21}},"82":{"start":{"line":148,"column":24},"end":{"line":148,"column":65}},"83":{"start":{"line":152,"column":20},"end":{"line":152,"column":73}},"84":{"start":{"line":153,"column":20},"end":{"line":153,"column":52}},"85":{"start":{"line":154,"column":20},"end":{"line":154,"column":44}},"86":{"start":{"line":155,"column":20},"end":{"line":155,"column":60}},"87":{"start":{"line":158,"column":20},"end":{"line":158,"column":55}},"88":{"start":{"line":160,"column":20},"end":{"line":162,"column":21}},"89":{"start":{"line":161,"column":24},"end":{"line":161,"column":94}},"90":{"start":{"line":168,"column":30},"end":{"line":168,"column":82}},"91":{"start":{"line":169,"column":12},"end":{"line":169,"column":52}},"92":{"start":{"line":173,"column":12},"end":{"line":173,"column":86}},"93":{"start":{"line":175,"column":37},"end":{"line":175,"column":84}},"94":{"start":{"line":176,"column":12},"end":{"line":185,"column":13}},"95":{"start":{"line":177,"column":38},"end":{"line":177,"column":78}},"96":{"start":{"line":178,"column":16},"end":{"line":182,"column":17}},"97":{"start":{"line":179,"column":20},"end":{"line":179,"column":59}},"98":{"start":{"line":181,"column":20},"end":{"line":181,"column":62}},"99":{"start":{"line":184,"column":16},"end":{"line":184,"column":94}},"100":{"start":{"line":189,"column":12},"end":{"line":189,"column":90}},"101":{"start":{"line":191,"column":30},"end":{"line":191,"column":107}},"102":{"start":{"line":192,"column":32},"end":{"line":192,"column":111}},"103":{"start":{"line":194,"column":12},"end":{"line":197,"column":13}},"104":{"start":{"line":195,"column":16},"end":{"line":195,"column":93}},"105":{"start":{"line":196,"column":16},"end":{"line":196,"column":23}},"106":{"start":{"line":200,"column":12},"end":{"line":200,"column":77}},"107":{"start":{"line":201,"column":12},"end":{"line":201,"column":77}},"108":{"start":{"line":204,"column":12},"end":{"line":204,"column":59}},"109":{"start":{"line":205,"column":12},"end":{"line":205,"column":60}},"110":{"start":{"line":208,"column":12},"end":{"line":214,"column":13}},"111":{"start":{"line":209,"column":16},"end":{"line":209,"column":66}},"112":{"start":{"line":210,"column":16},"end":{"line":210,"column":55}},"113":{"start":{"line":211,"column":19},"end":{"line":214,"column":13}},"114":{"start":{"line":212,"column":16},"end":{"line":212,"column":67}},"115":{"start":{"line":213,"column":16},"end":{"line":213,"column":56}},"116":{"start":{"line":218,"column":12},"end":{"line":218,"column":65}},"117":{"start":{"line":219,"column":29},"end":{"line":219,"column":58}},"118":{"start":{"line":220,"column":12},"end":{"line":220,"column":98}},"119":{"start":{"line":221,"column":12},"end":{"line":228,"column":14}},"120":{"start":{"line":229,"column":12},"end":{"line":234,"column":14}},"121":{"start":{"line":236,"column":12},"end":{"line":236,"column":48}},"122":{"start":{"line":238,"column":12},"end":{"line":247,"column":21}},"123":{"start":{"line":239,"column":16},"end":{"line":246,"column":17}},"124":{"start":{"line":240,"column":20},"end":{"line":245,"column":21}},"125":{"start":{"line":241,"column":40},"end":{"line":241,"column":85}},"126":{"start":{"line":242,"column":24},"end":{"line":242,"column":40}},"127":{"start":{"line":244,"column":24},"end":{"line":244,"column":42}}},"fnMap":{"0":{"name":"(anonymous_0)","decl":{"start":{"line":1,"column":1},"end":{"line":1,"column":2}},"loc":{"start":{"line":1,"column":12},"end":{"line":250,"column":1}},"line":1},"1":{"name":"(anonymous_1)","decl":{"start":{"line":10,"column":50},"end":{"line":10,"column":51}},"loc":{"start":{"line":10,"column":61},"end":{"line":249,"column":5}},"line":10},"2":{"name":"(anonymous_2)","decl":{"start":{"line":15,"column":26},"end":{"line":15,"column":27}},"loc":{"start":{"line":15,"column":34},"end":{"line":19,"column":9}},"line":15},"3":{"name":"initializeAlertAutoDismiss","decl":{"start":{"line":22,"column":17},"end":{"line":22,"column":43}},"loc":{"start":{"line":22,"column":46},"end":{"line":52,"column":9}},"line":22},"4":{"name":"(anonymous_4)","decl":{"start":{"line":34,"column":33},"end":{"line":34,"column":34}},"loc":{"start":{"line":34,"column":51},"end":{"line":51,"column":13}},"line":34},"5":{"name":"(anonymous_5)","decl":{"start":{"line":35,"column":27},"end":{"line":35,"column":28}},"loc":{"start":{"line":35,"column":33},"end":{"line":50,"column":17}},"line":35},"6":{"name":"(anonymous_6)","decl":{"start":{"line":43,"column":39},"end":{"line":43,"column":40}},"loc":{"start":{"line":43,"column":45},"end":{"line":47,"column":29}},"line":43},"7":{"name":"(anonymous_7)","decl":{"start":{"line":59,"column":31},"end":{"line":59,"column":32}},"loc":{"start":{"line":59,"column":48},"end":{"line":165,"column":9}},"line":59},"8":{"name":"(anonymous_8)","decl":{"start":{"line":66,"column":44},"end":{"line":66,"column":45}},"loc":{"start":{"line":66,"column":56},"end":{"line":164,"column":13}},"line":66},"9":{"name":"(anonymous_9)","decl":{"start":{"line":107,"column":22},"end":{"line":107,"column":23}},"loc":{"start":{"line":107,"column":34},"end":{"line":123,"column":17}},"line":107},"10":{"name":"(anonymous_10)","decl":{"start":{"line":111,"column":52},"end":{"line":111,"column":53}},"loc":{"start":{"line":111,"column":60},"end":{"line":115,"column":25}},"line":111},"11":{"name":"(anonymous_11)","decl":{"start":{"line":124,"column":22},"end":{"line":124,"column":23}},"loc":{"start":{"line":124,"column":30},"end":{"line":150,"column":17}},"line":124},"12":{"name":"(anonymous_12)","decl":{"start":{"line":151,"column":23},"end":{"line":151,"column":24}},"loc":{"start":{"line":151,"column":32},"end":{"line":163,"column":17}},"line":151},"13":{"name":"getCSRFToken","decl":{"start":{"line":167,"column":17},"end":{"line":167,"column":29}},"loc":{"start":{"line":167,"column":32},"end":{"line":170,"column":9}},"line":167},"14":{"name":"updateVoteCount","decl":{"start":{"line":172,"column":17},"end":{"line":172,"column":32}},"loc":{"start":{"line":172,"column":53},"end":{"line":186,"column":9}},"line":172},"15":{"name":"updateVoteButtons","decl":{"start":{"line":188,"column":17},"end":{"line":188,"column":34}},"loc":{"start":{"line":188,"column":53},"end":{"line":215,"column":9}},"line":188},"16":{"name":"showTempMessage","decl":{"start":{"line":217,"column":17},"end":{"line":217,"column":32}},"loc":{"start":{"line":217,"column":48},"end":{"line":248,"column":9}},"line":217},"17":{"name":"(anonymous_17)","decl":{"start":{"line":238,"column":23},"end":{"line":238,"column":24}},"loc":{"start":{"line":238,"column":29},"end":{"line":247,"column":13}},"line":238}},"branchMap":{"0":{"loc":{"start":{"line":2,"column":4},"end":{"line":5,"column":5}},"type":"if","locations":[{"start":{"line":2,"column":4},"end":{"line":5,"column":5}},{"start":{},"end":{}}],"line":2},"1":{"loc":{"start":{"line":25,"column":12},"end":{"line":29,"column":13}},"type":"if","locations":[{"start":{"line":25,"column":12},"end":{"line":29,"column":13}},{"start":{},"end":{}}],"line":25},"2":{"loc":{"start":{"line":36,"column":20},"end":{"line":49,"column":21}},"type":"if","locations":[{"start":{"line":36,"column":20},"end":{"line":49,"column":21}},{"start":{},"end":{}}],"line":36},"3":{"loc":{"start":{"line":44,"column":32},"end":{"line":46,"column":33}},"type":"if","locations":[{"start":{"line":44,"column":32},"end":{"line":46,"column":33}},{"start":{},"end":{}}],"line":44},"4":{"loc":{"start":{"line":60,"column":12},"end":{"line":63,"column":13}},"type":"if","locations":[{"start":{"line":60,"column":12},"end":{"line":63,"column":13}},{"start":{},"end":{}}],"line":60},"5":{"loc":{"start":{"line":74,"column":16},"end":{"line":77,"column":17}},"type":"if","locations":[{"start":{"line":74,"column":16},"end":{"line":77,"column":17}},{"start":{},"end":{}}],"line":74},"6":{"loc":{"start":{"line":83,"column":31},"end":{"line":83,"column":68}},"type":"cond-expr","locations":[{"start":{"line":83,"column":40},"end":{"line":83,"column":61}},{"start":{"line":83,"column":64},"end":{"line":83,"column":68}}],"line":83},"7":{"loc":{"start":{"line":85,"column":16},"end":{"line":89,"column":17}},"type":"if","locations":[{"start":{"line":85,"column":16},"end":{"line":89,"column":17}},{"start":{},"end":{}}],"line":85},"8":{"loc":{"start":{"line":92,"column":39},"end":{"line":92,"column":95}},"type":"binary-expr","locations":[{"start":{"line":92,"column":39},"end":{"line":92,"column":57}},{"start":{"line":92,"column":61},"end":{"line":92,"column":95}}],"line":92},"9":{"loc":{"start":{"line":110,"column":20},"end":{"line":116,"column":21}},"type":"if","locations":[{"start":{"line":110,"column":20},"end":{"line":116,"column":21}},{"start":{},"end":{}}],"line":110},"10":{"loc":{"start":{"line":112,"column":45},"end":{"line":112,"column":127}},"type":"binary-expr","locations":[{"start":{"line":112,"column":45},"end":{"line":112,"column":59}},{"start":{"line":112,"column":63},"end":{"line":112,"column":127}}],"line":112},"11":{"loc":{"start":{"line":118,"column":20},"end":{"line":120,"column":21}},"type":"if","locations":[{"start":{"line":118,"column":20},"end":{"line":120,"column":21}},{"start":{},"end":{}}],"line":118},"12":{"loc":{"start":{"line":132,"column":20},"end":{"line":136,"column":21}},"type":"if","locations":[{"start":{"line":132,"column":20},"end":{"line":136,"column":21}},{"start":{},"end":{}}],"line":132},"13":{"loc":{"start":{"line":147,"column":20},"end":{"line":149,"column":21}},"type":"if","locations":[{"start":{"line":147,"column":20},"end":{"line":149,"column":21}},{"start":{},"end":{}}],"line":147},"14":{"loc":{"start":{"line":160,"column":20},"end":{"line":162,"column":21}},"type":"if","locations":[{"start":{"line":160,"column":20},"end":{"line":162,"column":21}},{"start":{},"end":{}}],"line":160},"15":{"loc":{"start":{"line":169,"column":19},"end":{"line":169,"column":51}},"type":"cond-expr","locations":[{"start":{"line":169,"column":31},"end":{"line":169,"column":46}},{"start":{"line":169,"column":49},"end":{"line":169,"column":51}}],"line":169},"16":{"loc":{"start":{"line":176,"column":12},"end":{"line":185,"column":13}},"type":"if","locations":[{"start":{"line":176,"column":12},"end":{"line":185,"column":13}},{"start":{"line":183,"column":19},"end":{"line":185,"column":13}}],"line":176},"17":{"loc":{"start":{"line":178,"column":16},"end":{"line":182,"column":17}},"type":"if","locations":[{"start":{"line":178,"column":16},"end":{"line":182,"column":17}},{"start":{"line":180,"column":23},"end":{"line":182,"column":17}}],"line":178},"18":{"loc":{"start":{"line":194,"column":12},"end":{"line":197,"column":13}},"type":"if","locations":[{"start":{"line":194,"column":12},"end":{"line":197,"column":13}},{"start":{},"end":{}}],"line":194},"19":{"loc":{"start":{"line":194,"column":16},"end":{"line":194,"column":42}},"type":"binary-expr","locations":[{"start":{"line":194,"column":16},"end":{"line":194,"column":26}},{"start":{"line":194,"column":30},"end":{"line":194,"column":42}}],"line":194},"20":{"loc":{"start":{"line":208,"column":12},"end":{"line":214,"column":13}},"type":"if","locations":[{"start":{"line":208,"column":12},"end":{"line":214,"column":13}},{"start":{"line":211,"column":19},"end":{"line":214,"column":13}}],"line":208},"21":{"loc":{"start":{"line":211,"column":19},"end":{"line":214,"column":13}},"type":"if","locations":[{"start":{"line":211,"column":19},"end":{"line":214,"column":13}},{"start":{},"end":{}}],"line":211},"22":{"loc":{"start":{"line":239,"column":16},"end":{"line":246,"column":17}},"type":"if","locations":[{"start":{"line":239,"column":16},"end":{"line":246,"column":17}},{"start":{},"end":{}}],"line":239}},"s":{"0":3,"1":3,"2":0,"3":0,"4":3,"5":3,"6":3,"7":11,"8":11,"9":11,"10":11,"11":11,"12":11,"13":11,"14":0,"15":0,"16":0,"17":11,"18":11,"19":11,"20":0,"21":0,"22":0,"23":0,"24":0,"25":0,"26":0,"27":0,"28":0,"29":0,"30":11,"31":11,"32":11,"33":11,"34":11,"35":0,"36":0,"37":11,"38":11,"39":5,"40":5,"41":5,"42":5,"43":5,"44":0,"45":0,"46":5,"47":5,"48":5,"49":5,"50":5,"51":5,"52":1,"53":1,"54":1,"55":4,"56":4,"57":4,"58":4,"59":4,"60":4,"61":4,"62":0,"63":0,"64":0,"65":0,"66":4,"67":0,"68":4,"69":4,"70":4,"71":4,"72":4,"73":4,"74":0,"75":0,"76":0,"77":4,"78":4,"79":4,"80":4,"81":4,"82":0,"83":0,"84":0,"85":0,"86":0,"87":0,"88":0,"89":0,"90":4,"91":4,"92":4,"93":4,"94":4,"95":3,"96":3,"97":0,"98":3,"99":1,"100":4,"101":4,"102":4,"103":4,"104":2,"105":2,"106":2,"107":2,"108":2,"109":2,"110":2,"111":0,"112":0,"113":2,"114":0,"115":0,"116":0,"117":0,"118":0,"119":0,"120":0,"121":0,"122":0,"123":0,"124":0,"125":0,"126":0,"127":0},"f":{"0":3,"1":11,"2":11,"3":11,"4":0,"5":0,"6":0,"7":11,"8":5,"9":4,"10":0,"11":4,"12":0,"13":4,"14":4,"15":4,"16":0,"17":0},"b":{"0":[0,3],"1":[0,11],"2":[0,0],"3":[0,0],"4":[0,11],"5":[0,5],"6":[4,1],"7":[1,4],"8":[4,4],"9":[0,4],"10":[0,0],"11":[0,4],"12":[0,4],"13":[0,4],"14":[0,0],"15":[4,0],"16":[3,1],"17":[0,3],"18":[2,2],"19":[4,4],"20":[0,2],"21":[0,2],"22":[0,0]},"inputSourceMap":null,"_coverageSchema":"1a1c01bbd47fc00a2c39e90264f33305004495a9","hash":"7c602395324492b14d1d2c4d68dff235ba150688"}
}
