TN:
SF:frontend\static\js\base.js
FN:1,(anonymous_0)
FN:5,(anonymous_1)
FN:6,(anonymous_2)
FNF:3
FNH:2
FNDA:1,(anonymous_0)
FNDA:1,(anonymous_1)
FNDA:0,(anonymous_2)
DA:1,1
DA:2,1
DA:5,1
DA:6,1
DA:7,0
DA:8,0
LF:6
LH:4
BRF:0
BRH:0
end_of_record
TN:
SF:frontend\static\js\comments.js
FN:3,(anonymous_0)
FN:10,(anonymous_1)
FN:25,(anonymous_2)
FN:32,(anonymous_3)
FN:36,(anonymous_4)
FN:37,(anonymous_5)
FN:46,(anonymous_6)
FN:65,(anonymous_7)
FN:69,(anonymous_8)
FN:89,(anonymous_9)
FN:97,(anonymous_10)
FN:108,(anonymous_11)
FN:111,(anonymous_12)
FN:112,(anonymous_13)
FN:137,(anonymous_14)
FN:155,(anonymous_15)
FN:163,(anonymous_16)
FNF:17
FNH:6
FNDA:9,(anonymous_0)
FNDA:4,(anonymous_1)
FNDA:0,(anonymous_2)
FNDA:0,(anonymous_3)
FNDA:0,(anonymous_4)
FNDA:0,(anonymous_5)
FNDA:2,(anonymous_6)
FNDA:10,(anonymous_7)
FNDA:0,(anonymous_8)
FNDA:0,(anonymous_9)
FNDA:0,(anonymous_10)
FNDA:9,(anonymous_11)
FNDA:8,(anonymous_12)
FNDA:0,(anonymous_13)
FNDA:0,(anonymous_14)
FNDA:0,(anonymous_15)
FNDA:0,(anonymous_16)
DA:3,5
DA:4,9
DA:5,9
DA:6,9
DA:9,9
DA:10,8
DA:11,4
DA:14,4
DA:15,2
DA:16,2
DA:18,2
DA:24,9
DA:25,2
DA:26,0
DA:27,0
DA:32,0
DA:35,0
DA:36,0
DA:37,0
DA:43,9
DA:45,9
DA:46,8
DA:47,2
DA:48,2
DA:49,0
DA:50,0
DA:53,2
DA:54,2
DA:57,2
DA:58,2
DA:59,2
DA:65,9
DA:66,10
DA:67,10
DA:69,2
DA:70,0
DA:71,0
DA:73,0
DA:75,0
DA:76,0
DA:77,0
DA:79,0
DA:85,0
DA:86,0
DA:87,0
DA:89,0
DA:90,0
DA:94,0
DA:95,0
DA:96,0
DA:97,0
DA:98,0
DA:108,9
DA:109,9
DA:111,9
DA:112,8
DA:113,0
DA:116,0
DA:117,0
DA:120,0
DA:121,0
DA:123,0
DA:127,0
DA:130,0
DA:137,9
DA:138,0
DA:139,0
DA:141,0
DA:142,0
DA:143,0
DA:145,0
DA:151,0
DA:152,0
DA:153,0
DA:155,0
DA:156,0
DA:160,0
DA:161,0
DA:162,0
DA:163,0
DA:164,0
DA:171,9
DA:172,9
DA:175,9
LF:84
LH:35
BRDA:9,0,0,8
BRDA:9,0,1,1
BRDA:9,1,0,9
BRDA:9,1,1,9
BRDA:14,2,0,2
BRDA:14,2,1,2
BRDA:16,3,0,0
BRDA:16,3,1,2
BRDA:24,4,0,2
BRDA:24,4,1,7
BRDA:26,5,0,0
BRDA:26,5,1,0
BRDA:45,6,0,8
BRDA:45,6,1,1
BRDA:48,7,0,0
BRDA:48,7,1,2
BRDA:58,8,0,2
BRDA:58,8,1,0
BRDA:67,9,0,2
BRDA:67,9,1,8
BRDA:73,10,0,0
BRDA:73,10,1,0
BRDA:75,11,0,0
BRDA:75,11,1,0
BRDA:94,12,0,0
BRDA:94,12,1,0
BRDA:96,13,0,0
BRDA:96,13,1,0
BRDA:116,14,0,0
BRDA:116,14,1,0
BRDA:116,15,0,0
BRDA:116,15,1,0
BRDA:116,15,2,0
BRDA:120,16,0,0
BRDA:120,16,1,0
BRDA:139,17,0,0
BRDA:139,17,1,0
BRDA:141,18,0,0
BRDA:141,18,1,0
BRDA:160,19,0,0
BRDA:160,19,1,0
BRDA:162,20,0,0
BRDA:162,20,1,0
BRF:43
BRH:15
end_of_record
TN:
SF:frontend\static\js\posts.js
FN:1,(anonymous_0)
FN:6,(anonymous_1)
FN:10,(anonymous_2)
FN:20,(anonymous_3)
FN:21,(anonymous_4)
FN:31,(anonymous_5)
FN:36,(anonymous_6)
FN:39,(anonymous_7)
FN:40,(anonymous_8)
FN:53,(anonymous_9)
FN:54,(anonymous_10)
FNF:11
FNH:8
FNDA:2,(anonymous_0)
FNDA:4,(anonymous_1)
FNDA:1,(anonymous_2)
FNDA:0,(anonymous_3)
FNDA:0,(anonymous_4)
FNDA:0,(anonymous_5)
FNDA:2,(anonymous_6)
FNDA:1,(anonymous_7)
FNDA:1,(anonymous_8)
FNDA:1,(anonymous_9)
FNDA:1,(anonymous_10)
DA:1,2
DA:2,2
DA:5,2
DA:6,2
DA:7,4
DA:8,4
DA:10,4
DA:11,1
DA:12,1
DA:13,1
DA:18,2
DA:20,2
DA:21,0
DA:22,0
DA:23,0
DA:24,0
DA:25,0
DA:26,0
DA:31,2
DA:36,2
DA:37,2
DA:39,2
DA:40,1
DA:41,1
DA:43,1
DA:44,1
DA:46,1
DA:53,1
DA:55,1
DA:57,1
DA:58,1
DA:59,0
DA:62,1
LF:33
LH:26
BRDA:22,0,0,0
BRDA:22,0,1,0
BRDA:55,1,0,1
BRDA:55,1,1,0
BRDA:58,2,0,0
BRDA:58,2,1,1
BRF:6
BRH:2
end_of_record
TN:
SF:frontend\static\js\share.js
FN:2,openShareModal
FN:26,copyShareUrl
FN:33,(anonymous_2)
FN:44,showCopyFeedback
FN:51,(anonymous_4)
FN:59,(anonymous_5)
FN:62,(anonymous_6)
FN:63,(anonymous_7)
FN:91,(anonymous_8)
FNF:9
FNH:6
FNDA:0,openShareModal
FNDA:3,copyShareUrl
FNDA:3,(anonymous_2)
FNDA:3,showCopyFeedback
FNDA:0,(anonymous_4)
FNDA:6,(anonymous_5)
FNDA:6,(anonymous_6)
FNDA:0,(anonymous_7)
FNDA:3,(anonymous_8)
DA:3,0
DA:4,0
DA:5,0
DA:8,0
DA:11,0
DA:13,0
DA:15,0
DA:17,0
DA:21,0
DA:22,0
DA:27,3
DA:28,3
DA:29,3
DA:31,3
DA:33,3
DA:34,3
DA:38,0
DA:39,0
DA:45,3
DA:46,3
DA:47,3
DA:48,3
DA:49,3
DA:51,3
DA:52,0
DA:53,0
DA:54,0
DA:59,4
DA:61,6
DA:62,6
DA:63,6
DA:64,0
DA:68,0
DA:69,0
DA:70,0
DA:71,0
DA:75,0
DA:78,0
DA:83,6
DA:84,6
DA:85,5
DA:89,6
DA:90,6
DA:91,5
DA:92,3
DA:93,0
DA:94,0
LF:47
LH:23
BRDA:5,0,0,0
BRDA:5,0,1,0
BRDA:70,1,0,0
BRDA:70,1,1,0
BRDA:71,2,0,0
BRDA:71,2,1,0
BRDA:71,2,2,0
BRDA:71,2,3,0
BRDA:75,3,0,0
BRDA:75,3,1,0
BRDA:84,4,0,5
BRDA:84,4,1,1
BRDA:90,5,0,5
BRDA:90,5,1,1
BRDA:92,6,0,0
BRDA:92,6,1,3
BRF:16
BRH:5
end_of_record
TN:
SF:frontend\static\js\voting.js
FN:1,(anonymous_0)
FN:14,(anonymous_1)
FN:15,(anonymous_2)
FN:45,(anonymous_3)
FN:52,(anonymous_4)
FN:62,(anonymous_5)
FN:66,(anonymous_6)
FN:73,updateVoteCounters
FN:106,updateButtonStyles
FN:110,(anonymous_9)
FN:120,showNotification
FNF:11
FNH:10
FNDA:4,(anonymous_0)
FNDA:6,(anonymous_1)
FNDA:1,(anonymous_2)
FNDA:1,(anonymous_3)
FNDA:1,(anonymous_4)
FNDA:0,(anonymous_5)
FNDA:1,(anonymous_6)
FNDA:1,updateVoteCounters
FNDA:1,updateButtonStyles
FNDA:2,(anonymous_9)
FNDA:1,showNotification
DA:1,3
DA:2,4
DA:3,4
DA:5,4
DA:6,4
DA:7,4
DA:9,4
DA:10,0
DA:11,0
DA:14,4
DA:15,6
DA:16,1
DA:17,1
DA:18,1
DA:20,1
DA:26,1
DA:27,0
DA:28,0
DA:29,0
DA:33,1
DA:34,1
DA:35,1
DA:38,1
DA:46,1
DA:47,1
DA:48,0
DA:50,1
DA:53,1
DA:54,1
DA:55,1
DA:56,1
DA:57,1
DA:59,0
DA:63,0
DA:64,0
DA:67,1
DA:68,1
DA:74,1
DA:77,1
DA:78,1
DA:79,1
DA:81,1
DA:82,1
DA:83,1
DA:84,1
DA:85,1
DA:86,0
DA:87,0
DA:90,1
DA:91,1
DA:94,1
DA:95,1
DA:96,1
DA:97,1
DA:98,1
DA:99,1
DA:100,0
DA:101,0
DA:107,1
DA:110,1
DA:111,2
DA:115,1
DA:116,1
DA:122,1
LF:64
LH:51
BRDA:7,0,0,4
BRDA:7,0,1,0
BRDA:9,1,0,0
BRDA:9,1,1,4
BRDA:9,2,0,4
BRDA:9,2,1,4
BRDA:18,3,0,1
BRDA:18,3,1,0
BRDA:26,4,0,0
BRDA:26,4,1,1
BRDA:47,5,0,0
BRDA:47,5,1,1
BRDA:54,6,0,1
BRDA:54,6,1,0
BRDA:81,7,0,1
BRDA:81,7,1,0
BRDA:84,8,0,1
BRDA:84,8,1,0
BRDA:86,9,0,0
BRDA:86,9,1,0
BRDA:90,10,0,1
BRDA:90,10,1,0
BRDA:91,11,0,1
BRDA:91,11,1,0
BRDA:95,12,0,1
BRDA:95,12,1,0
BRDA:98,13,0,1
BRDA:98,13,1,0
BRDA:100,14,0,0
BRDA:100,14,1,0
BRDA:115,15,0,1
BRDA:115,15,1,0
BRDA:115,16,0,1
BRDA:115,16,1,0
BRDA:120,17,0,0
BRF:35
BRH:16
end_of_record
TN:
SF:posts\static\posts\js\ajax_handler.js
FN:1,(anonymous_0)
FN:10,(anonymous_1)
FN:15,(anonymous_2)
FN:22,initializeAlertAutoDismiss
FN:34,(anonymous_4)
FN:35,(anonymous_5)
FN:43,(anonymous_6)
FN:59,(anonymous_7)
FN:66,(anonymous_8)
FN:107,(anonymous_9)
FN:111,(anonymous_10)
FN:124,(anonymous_11)
FN:151,(anonymous_12)
FN:167,getCSRFToken
FN:172,updateVoteCount
FN:188,updateVoteButtons
FN:217,showTempMessage
FN:238,(anonymous_17)
FNF:18
FNH:11
FNDA:3,(anonymous_0)
FNDA:11,(anonymous_1)
FNDA:11,(anonymous_2)
FNDA:11,initializeAlertAutoDismiss
FNDA:0,(anonymous_4)
FNDA:0,(anonymous_5)
FNDA:0,(anonymous_6)
FNDA:11,(anonymous_7)
FNDA:5,(anonymous_8)
FNDA:4,(anonymous_9)
FNDA:0,(anonymous_10)
FNDA:4,(anonymous_11)
FNDA:0,(anonymous_12)
FNDA:4,getCSRFToken
FNDA:4,updateVoteCount
FNDA:4,updateVoteButtons
FNDA:0,showTempMessage
FNDA:0,(anonymous_17)
DA:1,3
DA:2,3
DA:3,0
DA:4,0
DA:6,3
DA:8,3
DA:10,3
DA:11,11
DA:14,11
DA:15,11
DA:17,11
DA:18,11
DA:23,11
DA:25,11
DA:26,0
DA:27,0
DA:28,0
DA:31,11
DA:32,11
DA:34,11
DA:35,0
DA:36,0
DA:37,0
DA:38,0
DA:39,0
DA:41,0
DA:42,0
DA:43,0
DA:44,0
DA:45,0
DA:53,11
DA:56,11
DA:57,11
DA:59,11
DA:60,11
DA:61,0
DA:62,0
DA:64,11
DA:66,11
DA:67,5
DA:68,5
DA:69,5
DA:71,5
DA:74,5
DA:75,0
DA:76,0
DA:78,5
DA:80,5
DA:81,5
DA:82,5
DA:83,5
DA:85,5
DA:86,1
DA:87,1
DA:88,1
DA:92,4
DA:95,4
DA:96,4
DA:97,4
DA:99,4
DA:108,4
DA:110,4
DA:111,0
DA:112,0
DA:113,0
DA:114,0
DA:118,4
DA:119,0
DA:122,4
DA:125,4
DA:128,4
DA:129,4
DA:130,4
DA:132,4
DA:133,0
DA:134,0
DA:135,0
DA:139,4
DA:140,4
DA:142,4
DA:145,4
DA:147,4
DA:148,0
DA:152,0
DA:153,0
DA:154,0
DA:155,0
DA:158,0
DA:160,0
DA:161,0
DA:168,4
DA:169,4
DA:173,4
DA:175,4
DA:176,4
DA:177,3
DA:178,3
DA:179,0
DA:181,3
DA:184,1
DA:189,4
DA:191,4
DA:192,4
DA:194,4
DA:195,2
DA:196,2
DA:200,2
DA:201,2
DA:204,2
DA:205,2
DA:208,2
DA:209,0
DA:210,0
DA:211,2
DA:212,0
DA:213,0
DA:218,0
DA:219,0
DA:220,0
DA:221,0
DA:229,0
DA:236,0
DA:238,0
DA:239,0
DA:240,0
DA:241,0
DA:242,0
DA:244,0
LF:128
LH:76
BRDA:2,0,0,0
BRDA:2,0,1,3
BRDA:25,1,0,0
BRDA:25,1,1,11
BRDA:36,2,0,0
BRDA:36,2,1,0
BRDA:44,3,0,0
BRDA:44,3,1,0
BRDA:60,4,0,0
BRDA:60,4,1,11
BRDA:74,5,0,0
BRDA:74,5,1,5
BRDA:83,6,0,4
BRDA:83,6,1,1
BRDA:85,7,0,1
BRDA:85,7,1,4
BRDA:92,8,0,4
BRDA:92,8,1,4
BRDA:110,9,0,0
BRDA:110,9,1,4
BRDA:112,10,0,0
BRDA:112,10,1,0
BRDA:118,11,0,0
BRDA:118,11,1,4
BRDA:132,12,0,0
BRDA:132,12,1,4
BRDA:147,13,0,0
BRDA:147,13,1,4
BRDA:160,14,0,0
BRDA:160,14,1,0
BRDA:169,15,0,4
BRDA:169,15,1,0
BRDA:176,16,0,3
BRDA:176,16,1,1
BRDA:178,17,0,0
BRDA:178,17,1,3
BRDA:194,18,0,2
BRDA:194,18,1,2
BRDA:194,19,0,4
BRDA:194,19,1,4
BRDA:208,20,0,0
BRDA:208,20,1,2
BRDA:211,21,0,0
BRDA:211,21,1,2
BRDA:239,22,0,0
BRDA:239,22,1,0
BRF:46
BRH:24
end_of_record
