TN:
SF:frontend\static\js\base.js
FN:1,(anonymous_0)
FN:5,(anonymous_1)
FN:6,(anonymous_2)
FNF:3
FNH:2
FNDA:1,(anonymous_0)
FNDA:1,(anonymous_1)
FNDA:0,(anonymous_2)
DA:1,1
DA:2,1
DA:5,1
DA:6,1
DA:7,0
DA:8,0
LF:6
LH:4
BRF:0
BRH:0
end_of_record
TN:
SF:frontend\static\js\comments.js
FN:3,(anonymous_0)
FN:10,(anonymous_1)
FN:25,(anonymous_2)
FN:32,(anonymous_3)
FN:36,(anonymous_4)
FN:37,(anonymous_5)
FN:46,(anonymous_6)
FN:65,(anonymous_7)
FN:69,(anonymous_8)
FN:89,(anonymous_9)
FN:97,(anonymous_10)
FN:108,(anonymous_11)
FN:111,(anonymous_12)
FN:112,(anonymous_13)
FN:137,(anonymous_14)
FN:155,(anonymous_15)
FN:163,(anonymous_16)
FNF:17
FNH:5
FNDA:5,(anonymous_0)
FNDA:0,(anonymous_1)
FNDA:0,(anonymous_2)
FNDA:0,(anonymous_3)
FNDA:0,(anonymous_4)
FNDA:0,(anonymous_5)
FNDA:1,(anonymous_6)
FNDA:5,(anonymous_7)
FNDA:0,(anonymous_8)
FNDA:0,(anonymous_9)
FNDA:0,(anonymous_10)
FNDA:5,(anonymous_11)
FNDA:4,(anonymous_12)
FNDA:0,(anonymous_13)
FNDA:0,(anonymous_14)
FNDA:0,(anonymous_15)
FNDA:0,(anonymous_16)
DA:3,3
DA:4,5
DA:5,5
DA:6,5
DA:9,5
DA:10,4
DA:11,0
DA:14,0
DA:15,0
DA:16,0
DA:18,0
DA:24,5
DA:25,2
DA:26,0
DA:27,0
DA:32,0
DA:35,0
DA:36,0
DA:37,0
DA:43,5
DA:45,5
DA:46,4
DA:47,1
DA:48,1
DA:49,0
DA:50,0
DA:53,1
DA:54,1
DA:57,1
DA:58,1
DA:59,1
DA:65,5
DA:66,5
DA:67,5
DA:69,0
DA:70,0
DA:71,0
DA:73,0
DA:75,0
DA:76,0
DA:77,0
DA:79,0
DA:85,0
DA:86,0
DA:87,0
DA:89,0
DA:90,0
DA:94,0
DA:95,0
DA:96,0
DA:97,0
DA:98,0
DA:108,5
DA:109,5
DA:111,5
DA:112,4
DA:113,0
DA:116,0
DA:117,0
DA:120,0
DA:121,0
DA:123,0
DA:127,0
DA:130,0
DA:137,5
DA:138,0
DA:139,0
DA:141,0
DA:142,0
DA:143,0
DA:145,0
DA:151,0
DA:152,0
DA:153,0
DA:155,0
DA:156,0
DA:160,0
DA:161,0
DA:162,0
DA:163,0
DA:164,0
DA:171,5
DA:172,5
DA:175,5
LF:84
LH:29
BRDA:9,0,0,4
BRDA:9,0,1,1
BRDA:9,1,0,5
BRDA:9,1,1,5
BRDA:14,2,0,0
BRDA:14,2,1,0
BRDA:16,3,0,0
BRDA:16,3,1,0
BRDA:24,4,0,2
BRDA:24,4,1,3
BRDA:26,5,0,0
BRDA:26,5,1,0
BRDA:45,6,0,4
BRDA:45,6,1,1
BRDA:48,7,0,0
BRDA:48,7,1,1
BRDA:58,8,0,1
BRDA:58,8,1,0
BRDA:67,9,0,0
BRDA:67,9,1,5
BRDA:73,10,0,0
BRDA:73,10,1,0
BRDA:75,11,0,0
BRDA:75,11,1,0
BRDA:94,12,0,0
BRDA:94,12,1,0
BRDA:96,13,0,0
BRDA:96,13,1,0
BRDA:116,14,0,0
BRDA:116,14,1,0
BRDA:116,15,0,0
BRDA:116,15,1,0
BRDA:116,15,2,0
BRDA:120,16,0,0
BRDA:120,16,1,0
BRDA:139,17,0,0
BRDA:139,17,1,0
BRDA:141,18,0,0
BRDA:141,18,1,0
BRDA:160,19,0,0
BRDA:160,19,1,0
BRDA:162,20,0,0
BRDA:162,20,1,0
BRF:43
BRH:11
end_of_record
TN:
SF:frontend\static\js\debug_upload.js
FN:2,(anonymous_0)
FN:25,(anonymous_1)
FN:28,(anonymous_2)
FN:36,(anonymous_3)
FN:37,(anonymous_4)
FNF:5
FNH:2
FNDA:3,(anonymous_0)
FNDA:0,(anonymous_1)
FNDA:0,(anonymous_2)
FNDA:8,(anonymous_3)
FNDA:0,(anonymous_4)
DA:2,2
DA:3,3
DA:5,3
DA:6,3
DA:7,3
DA:9,3
DA:10,1
DA:11,1
DA:14,2
DA:15,2
DA:16,2
DA:19,2
DA:20,2
DA:21,0
DA:25,2
DA:26,0
DA:27,0
DA:28,0
DA:31,0
DA:35,2
DA:36,2
DA:37,8
DA:38,0
DA:43,2
LF:24
LH:18
BRDA:9,0,0,1
BRDA:9,0,1,2
BRDA:20,1,0,0
BRDA:20,1,1,2
BRDA:31,2,0,0
BRDA:31,2,1,0
BRDA:35,3,0,2
BRDA:35,3,1,0
BRF:8
BRH:4
end_of_record
TN:
SF:frontend\static\js\debug_votes.js
FN:2,(anonymous_0)
FN:9,(anonymous_1)
FN:15,(anonymous_2)
FN:29,(anonymous_3)
FN:47,(anonymous_4)
FNF:5
FNH:3
FNDA:4,(anonymous_0)
FNDA:3,(anonymous_1)
FNDA:0,(anonymous_2)
FNDA:0,(anonymous_3)
FNDA:1,(anonymous_4)
DA:2,2
DA:3,4
DA:6,4
DA:7,4
DA:9,4
DA:10,3
DA:11,3
DA:12,3
DA:15,3
DA:16,0
DA:17,0
DA:18,0
DA:20,0
DA:21,0
DA:24,0
DA:25,0
DA:26,0
DA:29,0
DA:30,0
DA:31,0
DA:32,0
DA:33,0
DA:34,0
DA:35,0
DA:36,0
DA:44,4
DA:45,4
DA:47,4
DA:48,1
DA:49,1
DA:50,1
DA:53,4
LF:32
LH:16
BRDA:31,0,0,0
BRDA:31,0,1,0
BRDA:33,1,0,0
BRDA:33,1,1,0
BRDA:34,2,0,0
BRDA:34,2,1,0
BRF:6
BRH:0
end_of_record
TN:
SF:frontend\static\js\posts.js
FN:1,(anonymous_0)
FN:6,(anonymous_1)
FN:10,(anonymous_2)
FN:20,(anonymous_3)
FN:21,(anonymous_4)
FN:31,(anonymous_5)
FN:36,(anonymous_6)
FN:39,(anonymous_7)
FN:40,(anonymous_8)
FN:53,(anonymous_9)
FN:54,(anonymous_10)
FNF:11
FNH:3
FNDA:1,(anonymous_0)
FNDA:2,(anonymous_1)
FNDA:0,(anonymous_2)
FNDA:0,(anonymous_3)
FNDA:0,(anonymous_4)
FNDA:0,(anonymous_5)
FNDA:1,(anonymous_6)
FNDA:0,(anonymous_7)
FNDA:0,(anonymous_8)
FNDA:0,(anonymous_9)
FNDA:0,(anonymous_10)
DA:1,1
DA:2,1
DA:5,1
DA:6,1
DA:7,2
DA:8,2
DA:10,2
DA:11,0
DA:12,0
DA:13,0
DA:18,1
DA:20,1
DA:21,0
DA:22,0
DA:23,0
DA:24,0
DA:25,0
DA:26,0
DA:31,1
DA:36,1
DA:37,1
DA:39,1
DA:40,0
DA:41,0
DA:43,0
DA:44,0
DA:46,0
DA:53,0
DA:55,0
DA:57,0
DA:58,0
DA:59,0
DA:62,0
LF:33
LH:13
BRDA:22,0,0,0
BRDA:22,0,1,0
BRDA:55,1,0,0
BRDA:55,1,1,0
BRDA:58,2,0,0
BRDA:58,2,1,0
BRF:6
BRH:0
end_of_record
TN:
SF:frontend\static\js\share.js
FN:4,openShareModal
FN:28,copyShareUrl
FN:35,(anonymous_2)
FN:46,showCopyFeedback
FN:53,(anonymous_4)
FN:61,(anonymous_5)
FN:64,(anonymous_6)
FN:65,(anonymous_7)
FN:93,(anonymous_8)
FNF:9
FNH:6
FNDA:0,openShareModal
FNDA:1,copyShareUrl
FNDA:1,(anonymous_2)
FNDA:1,showCopyFeedback
FNDA:0,(anonymous_4)
FNDA:4,(anonymous_5)
FNDA:4,(anonymous_6)
FNDA:0,(anonymous_7)
FNDA:1,(anonymous_8)
DA:5,0
DA:6,0
DA:7,0
DA:10,0
DA:13,0
DA:15,0
DA:17,0
DA:19,0
DA:23,0
DA:24,0
DA:29,1
DA:30,1
DA:31,1
DA:33,1
DA:35,1
DA:36,1
DA:40,0
DA:41,0
DA:47,1
DA:48,1
DA:49,1
DA:50,1
DA:51,1
DA:53,1
DA:54,0
DA:55,0
DA:56,0
DA:61,3
DA:63,4
DA:64,4
DA:65,4
DA:66,0
DA:70,0
DA:71,0
DA:72,0
DA:73,0
DA:77,0
DA:80,0
DA:85,4
DA:86,4
DA:87,3
DA:91,4
DA:92,4
DA:93,3
DA:94,1
DA:95,0
DA:96,0
LF:47
LH:23
BRDA:7,0,0,0
BRDA:7,0,1,0
BRDA:72,1,0,0
BRDA:72,1,1,0
BRDA:73,2,0,0
BRDA:73,2,1,0
BRDA:73,2,2,0
BRDA:73,2,3,0
BRDA:77,3,0,0
BRDA:77,3,1,0
BRDA:86,4,0,3
BRDA:86,4,1,1
BRDA:92,5,0,3
BRDA:92,5,1,1
BRDA:94,6,0,0
BRDA:94,6,1,1
BRF:16
BRH:5
end_of_record
TN:
SF:frontend\static\js\voting.js
FN:2,(anonymous_0)
FN:15,(anonymous_1)
FN:16,(anonymous_2)
FN:46,(anonymous_3)
FN:53,(anonymous_4)
FN:63,(anonymous_5)
FN:67,(anonymous_6)
FN:74,updateVoteCounters
FN:107,updateButtonStyles
FN:111,(anonymous_9)
FN:121,showNotification
FNF:11
FNH:2
FNDA:2,(anonymous_0)
FNDA:2,(anonymous_1)
FNDA:0,(anonymous_2)
FNDA:0,(anonymous_3)
FNDA:0,(anonymous_4)
FNDA:0,(anonymous_5)
FNDA:0,(anonymous_6)
FNDA:0,updateVoteCounters
FNDA:0,updateButtonStyles
FNDA:0,(anonymous_9)
FNDA:0,showNotification
DA:2,3
DA:3,2
DA:4,2
DA:6,2
DA:7,2
DA:8,2
DA:10,2
DA:11,0
DA:12,0
DA:15,2
DA:16,2
DA:17,0
DA:18,0
DA:19,0
DA:21,0
DA:27,0
DA:28,0
DA:29,0
DA:30,0
DA:34,0
DA:35,0
DA:36,0
DA:39,0
DA:47,0
DA:48,0
DA:49,0
DA:51,0
DA:54,0
DA:55,0
DA:56,0
DA:57,0
DA:58,0
DA:60,0
DA:64,0
DA:65,0
DA:68,0
DA:69,0
DA:75,0
DA:78,0
DA:79,0
DA:80,0
DA:82,0
DA:83,0
DA:84,0
DA:85,0
DA:86,0
DA:87,0
DA:88,0
DA:91,0
DA:92,0
DA:95,0
DA:96,0
DA:97,0
DA:98,0
DA:99,0
DA:100,0
DA:101,0
DA:102,0
DA:108,0
DA:111,0
DA:112,0
DA:116,0
DA:117,0
DA:123,0
LF:64
LH:9
BRDA:8,0,0,2
BRDA:8,0,1,0
BRDA:10,1,0,0
BRDA:10,1,1,2
BRDA:10,2,0,2
BRDA:10,2,1,2
BRDA:19,3,0,0
BRDA:19,3,1,0
BRDA:27,4,0,0
BRDA:27,4,1,0
BRDA:48,5,0,0
BRDA:48,5,1,0
BRDA:55,6,0,0
BRDA:55,6,1,0
BRDA:82,7,0,0
BRDA:82,7,1,0
BRDA:85,8,0,0
BRDA:85,8,1,0
BRDA:87,9,0,0
BRDA:87,9,1,0
BRDA:91,10,0,0
BRDA:91,10,1,0
BRDA:92,11,0,0
BRDA:92,11,1,0
BRDA:96,12,0,0
BRDA:96,12,1,0
BRDA:99,13,0,0
BRDA:99,13,1,0
BRDA:101,14,0,0
BRDA:101,14,1,0
BRDA:116,15,0,0
BRDA:116,15,1,0
BRDA:116,16,0,0
BRDA:116,16,1,0
BRDA:121,17,0,0
BRF:35
BRH:4
end_of_record
TN:
SF:posts\static\posts\js\ajax_handler.js
FN:1,(anonymous_0)
FN:10,(anonymous_1)
FN:15,(anonymous_2)
FN:22,initializeAlertAutoDismiss
FN:34,(anonymous_4)
FN:35,(anonymous_5)
FN:43,(anonymous_6)
FN:59,(anonymous_7)
FN:66,(anonymous_8)
FN:107,(anonymous_9)
FN:111,(anonymous_10)
FN:124,(anonymous_11)
FN:151,(anonymous_12)
FN:167,getCSRFToken
FN:172,updateVoteCount
FN:188,updateVoteButtons
FN:217,showTempMessage
FN:238,(anonymous_17)
FNF:18
FNH:11
FNDA:7,(anonymous_0)
FNDA:18,(anonymous_1)
FNDA:18,(anonymous_2)
FNDA:18,initializeAlertAutoDismiss
FNDA:0,(anonymous_4)
FNDA:0,(anonymous_5)
FNDA:0,(anonymous_6)
FNDA:18,(anonymous_7)
FNDA:7,(anonymous_8)
FNDA:6,(anonymous_9)
FNDA:0,(anonymous_10)
FNDA:6,(anonymous_11)
FNDA:0,(anonymous_12)
FNDA:6,getCSRFToken
FNDA:6,updateVoteCount
FNDA:6,updateVoteButtons
FNDA:0,showTempMessage
FNDA:0,(anonymous_17)
DA:1,7
DA:2,7
DA:3,0
DA:4,0
DA:6,7
DA:8,7
DA:10,7
DA:11,18
DA:14,18
DA:15,18
DA:17,18
DA:18,18
DA:23,18
DA:25,18
DA:26,0
DA:27,0
DA:28,0
DA:31,18
DA:32,18
DA:34,18
DA:35,0
DA:36,0
DA:37,0
DA:38,0
DA:39,0
DA:41,0
DA:42,0
DA:43,0
DA:44,0
DA:45,0
DA:53,18
DA:56,18
DA:57,18
DA:59,18
DA:60,18
DA:61,0
DA:62,0
DA:64,18
DA:66,18
DA:67,7
DA:68,7
DA:69,7
DA:71,7
DA:74,7
DA:75,0
DA:76,0
DA:78,7
DA:80,7
DA:81,7
DA:82,7
DA:83,7
DA:85,7
DA:86,1
DA:87,1
DA:88,1
DA:92,6
DA:95,6
DA:96,6
DA:97,6
DA:99,6
DA:108,6
DA:110,6
DA:111,0
DA:112,0
DA:113,0
DA:114,0
DA:118,6
DA:119,0
DA:122,6
DA:125,6
DA:128,6
DA:129,6
DA:130,6
DA:132,6
DA:133,0
DA:134,0
DA:135,0
DA:139,6
DA:140,6
DA:142,6
DA:145,6
DA:147,6
DA:148,0
DA:152,0
DA:153,0
DA:154,0
DA:155,0
DA:158,0
DA:160,0
DA:161,0
DA:168,6
DA:169,6
DA:173,6
DA:175,6
DA:176,6
DA:177,5
DA:178,5
DA:179,0
DA:181,5
DA:184,1
DA:189,6
DA:191,6
DA:192,6
DA:194,6
DA:195,4
DA:196,4
DA:200,2
DA:201,2
DA:204,2
DA:205,2
DA:208,2
DA:209,0
DA:210,0
DA:211,2
DA:212,0
DA:213,0
DA:218,0
DA:219,0
DA:220,0
DA:221,0
DA:229,0
DA:236,0
DA:238,0
DA:239,0
DA:240,0
DA:241,0
DA:242,0
DA:244,0
LF:128
LH:76
BRDA:2,0,0,0
BRDA:2,0,1,7
BRDA:25,1,0,0
BRDA:25,1,1,18
BRDA:36,2,0,0
BRDA:36,2,1,0
BRDA:44,3,0,0
BRDA:44,3,1,0
BRDA:60,4,0,0
BRDA:60,4,1,18
BRDA:74,5,0,0
BRDA:74,5,1,7
BRDA:83,6,0,6
BRDA:83,6,1,1
BRDA:85,7,0,1
BRDA:85,7,1,6
BRDA:92,8,0,6
BRDA:92,8,1,6
BRDA:110,9,0,0
BRDA:110,9,1,6
BRDA:112,10,0,0
BRDA:112,10,1,0
BRDA:118,11,0,0
BRDA:118,11,1,6
BRDA:132,12,0,0
BRDA:132,12,1,6
BRDA:147,13,0,0
BRDA:147,13,1,6
BRDA:160,14,0,0
BRDA:160,14,1,0
BRDA:169,15,0,6
BRDA:169,15,1,0
BRDA:176,16,0,5
BRDA:176,16,1,1
BRDA:178,17,0,0
BRDA:178,17,1,5
BRDA:194,18,0,4
BRDA:194,18,1,2
BRDA:194,19,0,6
BRDA:194,19,1,6
BRDA:208,20,0,0
BRDA:208,20,1,2
BRDA:211,21,0,0
BRDA:211,21,1,2
BRDA:239,22,0,0
BRDA:239,22,1,0
BRF:46
BRH:24
end_of_record
